<?xml version="1.0" encoding="UTF-8"?>
<!-- Generated by org.testng.reporters.JUnitReportReporter -->
<testsuite hostname="DESKTOP-HGR09P9" failures="1" tests="126" name="com.dsAlgo.runner.Runner" time="164.787" errors="0" timestamp="2023-09-29T10:13:01 CDT" skipped="0">
  <testcase classname="com.dsAlgo.runner.Runner" name="runScenario" time="0.719"/>
  <system-out/>
  <testcase classname="com.dsAlgo.runner.Runner" name="runScenario" time="1.175"/>
  <system-out/>
  <testcase classname="com.dsAlgo.runner.Runner" name="runScenario" time="2.012"/>
  <system-out/>
  <testcase classname="com.dsAlgo.runner.Runner" name="runScenario" time="1.198"/>
  <system-out/>
  <testcase classname="com.dsAlgo.runner.Runner" name="runScenario" time="1.846"/>
  <system-out/>
  <testcase classname="com.dsAlgo.runner.Runner" name="runScenario" time="1.245"/>
  <system-out/>
  <testcase classname="com.dsAlgo.runner.Runner" name="runScenario" time="1.328"/>
  <system-out/>
  <testcase classname="com.dsAlgo.runner.Runner" name="runScenario" time="0.881"/>
  <system-out/>
  <testcase classname="com.dsAlgo.runner.Runner" name="runScenario" time="0.496"/>
  <system-out/>
  <testcase classname="com.dsAlgo.runner.Runner" name="runScenario" time="1.049"/>
  <system-out/>
  <testcase classname="com.dsAlgo.runner.Runner" name="runScenario" time="1.061"/>
  <system-out/>
  <testcase classname="com.dsAlgo.runner.Runner" name="runScenario" time="2.552"/>
  <system-out/>
  <testcase classname="com.dsAlgo.runner.Runner" name="runScenario" time="1.053"/>
  <system-out/>
  <testcase classname="com.dsAlgo.runner.Runner" name="runScenario" time="0.777"/>
  <system-out/>
  <testcase classname="com.dsAlgo.runner.Runner" name="runScenario" time="2.804">
    <failure message="Result do not match expected [Submission Successful] but found [ No tests were collected]" type="java.lang.AssertionError">
      <![CDATA[java.lang.AssertionError: Result do not match expected [Submission Successful] but found [ No tests were collected]
at org.testng.Assert.fail(Assert.java:110)
at org.testng.Assert.failNotEquals(Assert.java:1413)
at org.testng.Assert.assertEqualsImpl(Assert.java:149)
at org.testng.Assert.assertEquals(Assert.java:131)
at org.testng.Assert.assertEquals(Assert.java:655)
at stepDefinition.ArrayPageSteps.user_validates_the_output_for_the_practice_question(ArrayPageSteps.java:99)
at ✽.user validates the output for the practice question(file:///C:/Users/akash/git/dsAlgoProject/dsAlgo/src/test/java/com/dsAlgo/features/11_ArrayPage.feature:236)
]]>
    </failure>
  </testcase> <!-- runScenario -->
  <system-out/>
  <testcase classname="com.dsAlgo.runner.Runner" name="runScenario" time="0.822"/>
  <system-out/>
  <testcase classname="com.dsAlgo.runner.Runner" name="runScenario" time="0.770"/>
  <system-out/>
  <testcase classname="com.dsAlgo.runner.Runner" name="runScenario" time="1.267"/>
  <system-out/>
  <testcase classname="com.dsAlgo.runner.Runner" name="runScenario" time="1.285"/>
  <system-out/>
  <testcase classname="com.dsAlgo.runner.Runner" name="runScenario" time="0.304"/>
  <system-out/>
  <testcase classname="com.dsAlgo.runner.Runner" name="runScenario" time="0.962"/>
  <system-out/>
  <testcase classname="com.dsAlgo.runner.Runner" name="runScenario" time="1.399"/>
  <system-out/>
  <testcase classname="com.dsAlgo.runner.Runner" name="runScenario" time="1.109"/>
  <system-out/>
  <testcase classname="com.dsAlgo.runner.Runner" name="runScenario" time="1.336"/>
  <system-out/>
  <testcase classname="com.dsAlgo.runner.Runner" name="runScenario" time="0.824"/>
  <system-out/>
  <testcase classname="com.dsAlgo.runner.Runner" name="runScenario" time="3.028"/>
  <system-out/>
  <testcase classname="com.dsAlgo.runner.Runner" name="runScenario" time="0.952"/>
  <system-out/>
  <testcase classname="com.dsAlgo.runner.Runner" name="runScenario" time="1.310"/>
  <system-out/>
  <testcase classname="com.dsAlgo.runner.Runner" name="runScenario" time="1.182"/>
  <system-out/>
  <testcase classname="com.dsAlgo.runner.Runner" name="runScenario" time="1.201"/>
  <system-out/>
  <testcase classname="com.dsAlgo.runner.Runner" name="runScenario" time="0.918"/>
  <system-out/>
  <testcase classname="com.dsAlgo.runner.Runner" name="runScenario" time="1.066"/>
  <system-out/>
  <testcase classname="com.dsAlgo.runner.Runner" name="runScenario" time="1.362"/>
  <system-out/>
  <testcase classname="com.dsAlgo.runner.Runner" name="runScenario" time="1.431"/>
  <system-out/>
  <testcase classname="com.dsAlgo.runner.Runner" name="runScenario" time="0.449"/>
  <system-out/>
  <testcase classname="com.dsAlgo.runner.Runner" name="runScenario" time="1.342"/>
  <system-out/>
  <testcase classname="com.dsAlgo.runner.Runner" name="runScenario" time="1.144"/>
  <system-out/>
  <testcase classname="com.dsAlgo.runner.Runner" name="runScenario" time="0.868"/>
  <system-out/>
  <testcase classname="com.dsAlgo.runner.Runner" name="runScenario" time="1.048"/>
  <system-out/>
  <testcase classname="com.dsAlgo.runner.Runner" name="runScenario" time="1.018"/>
  <system-out/>
  <testcase classname="com.dsAlgo.runner.Runner" name="runScenario" time="0.314"/>
  <system-out/>
  <testcase classname="com.dsAlgo.runner.Runner" name="runScenario" time="1.165"/>
  <system-out/>
  <testcase classname="com.dsAlgo.runner.Runner" name="runScenario" time="1.161"/>
  <system-out/>
  <testcase classname="com.dsAlgo.runner.Runner" name="runScenario" time="1.229"/>
  <system-out/>
  <testcase classname="com.dsAlgo.runner.Runner" name="runScenario" time="0.996"/>
  <system-out/>
  <testcase classname="com.dsAlgo.runner.Runner" name="runScenario" time="0.812"/>
  <system-out/>
  <testcase classname="com.dsAlgo.runner.Runner" name="runScenario" time="1.493"/>
  <system-out/>
  <testcase classname="com.dsAlgo.runner.Runner" name="runScenario" time="5.342"/>
  <system-out/>
  <testcase classname="com.dsAlgo.runner.Runner" name="runScenario" time="1.173"/>
  <system-out/>
  <testcase classname="com.dsAlgo.runner.Runner" name="runScenario" time="1.045"/>
  <system-out/>
  <testcase classname="com.dsAlgo.runner.Runner" name="runScenario" time="0.982"/>
  <system-out/>
  <testcase classname="com.dsAlgo.runner.Runner" name="runScenario" time="0.779"/>
  <system-out/>
  <testcase classname="com.dsAlgo.runner.Runner" name="runScenario" time="1.254"/>
  <system-out/>
  <testcase classname="com.dsAlgo.runner.Runner" name="runScenario" time="0.856"/>
  <system-out/>
  <testcase classname="com.dsAlgo.runner.Runner" name="runScenario" time="2.598"/>
  <system-out/>
  <testcase classname="com.dsAlgo.runner.Runner" name="runScenario" time="0.889"/>
  <system-out/>
  <testcase classname="com.dsAlgo.runner.Runner" name="runScenario" time="2.411"/>
  <system-out/>
  <testcase classname="com.dsAlgo.runner.Runner" name="runScenario" time="1.287"/>
  <system-out/>
  <testcase classname="com.dsAlgo.runner.Runner" name="runScenario" time="2.148"/>
  <system-out/>
  <testcase classname="com.dsAlgo.runner.Runner" name="runScenario" time="1.524"/>
  <system-out/>
  <testcase classname="com.dsAlgo.runner.Runner" name="runScenario" time="1.116"/>
  <system-out/>
  <testcase classname="com.dsAlgo.runner.Runner" name="runScenario" time="1.088"/>
  <system-out/>
  <testcase classname="com.dsAlgo.runner.Runner" name="runScenario" time="1.066"/>
  <system-out/>
  <testcase classname="com.dsAlgo.runner.Runner" name="runScenario" time="1.124"/>
  <system-out/>
  <testcase classname="com.dsAlgo.runner.Runner" name="runScenario" time="1.228"/>
  <system-out/>
  <testcase classname="com.dsAlgo.runner.Runner" name="runScenario" time="0.937"/>
  <system-out/>
  <testcase classname="com.dsAlgo.runner.Runner" name="runScenario" time="1.411"/>
  <system-out/>
  <testcase classname="com.dsAlgo.runner.Runner" name="runScenario" time="1.321"/>
  <system-out/>
  <testcase classname="com.dsAlgo.runner.Runner" name="runScenario" time="0.897"/>
  <system-out/>
  <testcase classname="com.dsAlgo.runner.Runner" name="runScenario" time="0.831"/>
  <system-out/>
  <testcase classname="com.dsAlgo.runner.Runner" name="runScenario" time="2.435"/>
  <system-out/>
  <testcase classname="com.dsAlgo.runner.Runner" name="runScenario" time="0.719"/>
  <system-out/>
  <testcase classname="com.dsAlgo.runner.Runner" name="runScenario" time="1.110"/>
  <system-out/>
  <testcase classname="com.dsAlgo.runner.Runner" name="runScenario" time="0.412"/>
  <system-out/>
  <testcase classname="com.dsAlgo.runner.Runner" name="runScenario" time="0.955"/>
  <system-out/>
  <testcase classname="com.dsAlgo.runner.Runner" name="runScenario" time="0.882"/>
  <system-out/>
  <testcase classname="com.dsAlgo.runner.Runner" name="runScenario" time="1.090"/>
  <system-out/>
  <testcase classname="com.dsAlgo.runner.Runner" name="runScenario" time="2.927"/>
  <system-out/>
  <testcase classname="com.dsAlgo.runner.Runner" name="runScenario" time="0.330"/>
  <system-out/>
  <testcase classname="com.dsAlgo.runner.Runner" name="runScenario" time="1.039"/>
  <system-out/>
  <testcase classname="com.dsAlgo.runner.Runner" name="runScenario" time="1.136"/>
  <system-out/>
  <testcase classname="com.dsAlgo.runner.Runner" name="runScenario" time="1.734"/>
  <system-out/>
  <testcase classname="com.dsAlgo.runner.Runner" name="runScenario" time="0.980"/>
  <system-out/>
  <testcase classname="com.dsAlgo.runner.Runner" name="runScenario" time="2.921"/>
  <system-out/>
  <testcase classname="com.dsAlgo.runner.Runner" name="runScenario" time="0.827"/>
  <system-out/>
  <testcase classname="com.dsAlgo.runner.Runner" name="runScenario" time="1.289"/>
  <system-out/>
  <testcase classname="com.dsAlgo.runner.Runner" name="runScenario" time="1.116"/>
  <system-out/>
  <testcase classname="com.dsAlgo.runner.Runner" name="runScenario" time="0.863"/>
  <system-out/>
  <testcase classname="com.dsAlgo.runner.Runner" name="runScenario" time="1.462"/>
  <system-out/>
  <testcase classname="com.dsAlgo.runner.Runner" name="runScenario" time="1.250"/>
  <system-out/>
  <testcase classname="com.dsAlgo.runner.Runner" name="runScenario" time="0.313"/>
  <system-out/>
  <testcase classname="com.dsAlgo.runner.Runner" name="runScenario" time="3.109"/>
  <system-out/>
  <testcase classname="com.dsAlgo.runner.Runner" name="runScenario" time="0.690"/>
  <system-out/>
  <testcase classname="com.dsAlgo.runner.Runner" name="runScenario" time="0.445"/>
  <system-out/>
  <testcase classname="com.dsAlgo.runner.Runner" name="runScenario" time="1.226"/>
  <system-out/>
  <testcase classname="com.dsAlgo.runner.Runner" name="runScenario" time="1.630"/>
  <system-out/>
  <testcase classname="com.dsAlgo.runner.Runner" name="runScenario" time="0.903"/>
  <system-out/>
  <testcase classname="com.dsAlgo.runner.Runner" name="runScenario" time="2.159"/>
  <system-out/>
  <testcase classname="com.dsAlgo.runner.Runner" name="runScenario" time="1.482"/>
  <system-out/>
  <testcase classname="com.dsAlgo.runner.Runner" name="runScenario" time="1.172"/>
  <system-out/>
  <testcase classname="com.dsAlgo.runner.Runner" name="runScenario" time="1.304"/>
  <system-out/>
  <testcase classname="com.dsAlgo.runner.Runner" name="runScenario" time="1.153"/>
  <system-out/>
  <testcase classname="com.dsAlgo.runner.Runner" name="runScenario" time="1.384"/>
  <system-out/>
  <testcase classname="com.dsAlgo.runner.Runner" name="runScenario" time="1.320"/>
  <system-out/>
  <testcase classname="com.dsAlgo.runner.Runner" name="runScenario" time="1.246"/>
  <system-out/>
  <testcase classname="com.dsAlgo.runner.Runner" name="runScenario" time="1.661"/>
  <system-out/>
  <testcase classname="com.dsAlgo.runner.Runner" name="runScenario" time="2.656"/>
  <system-out/>
  <testcase classname="com.dsAlgo.runner.Runner" name="runScenario" time="0.359"/>
  <system-out/>
  <testcase classname="com.dsAlgo.runner.Runner" name="runScenario" time="0.984"/>
  <system-out/>
  <testcase classname="com.dsAlgo.runner.Runner" name="runScenario" time="1.185"/>
  <system-out/>
  <testcase classname="com.dsAlgo.runner.Runner" name="runScenario" time="1.126"/>
  <system-out/>
  <testcase classname="com.dsAlgo.runner.Runner" name="runScenario" time="1.139"/>
  <system-out/>
  <testcase classname="com.dsAlgo.runner.Runner" name="runScenario" time="0.761"/>
  <system-out/>
  <testcase classname="com.dsAlgo.runner.Runner" name="runScenario" time="4.214"/>
  <system-out/>
  <testcase classname="com.dsAlgo.runner.Runner" name="runScenario" time="1.239"/>
  <system-out/>
  <testcase classname="com.dsAlgo.runner.Runner" name="runScenario" time="1.228"/>
  <system-out/>
  <testcase classname="com.dsAlgo.runner.Runner" name="runScenario" time="1.315"/>
  <system-out/>
  <testcase classname="com.dsAlgo.runner.Runner" name="runScenario" time="2.546"/>
  <system-out/>
  <testcase classname="com.dsAlgo.runner.Runner" name="runScenario" time="1.196"/>
  <system-out/>
  <testcase classname="com.dsAlgo.runner.Runner" name="runScenario" time="1.240"/>
  <system-out/>
  <testcase classname="com.dsAlgo.runner.Runner" name="runScenario" time="2.600"/>
  <system-out/>
  <testcase classname="com.dsAlgo.runner.Runner" name="runScenario" time="0.796"/>
  <system-out/>
  <testcase classname="com.dsAlgo.runner.Runner" name="runScenario" time="1.311"/>
  <system-out/>
  <testcase classname="com.dsAlgo.runner.Runner" name="runScenario" time="1.718"/>
  <system-out/>
  <testcase classname="com.dsAlgo.runner.Runner" name="runScenario" time="1.153"/>
  <system-out/>
  <testcase classname="com.dsAlgo.runner.Runner" name="runScenario" time="0.277"/>
  <system-out/>
</testsuite> <!-- com.dsAlgo.runner.Runner -->
