<?xml version="1.0" encoding="UTF-8"?>
<testng-results ignored="0" total="126" passed="125" failed="1" skipped="0">
  <reporter-output>
  </reporter-output>
  <suite started-at="2023-09-29T10:10:09 CDT" name="Default suite" finished-at="2023-09-29T10:13:00 CDT" duration-ms="171965">
    <groups>
      <group name="cucumber">
        <method signature="AbstractTestNGCucumberTests.runScenario(io.cucumber.testng.PickleWrapper,io.cucumber.testng.FeatureWrapper)[pri:0, instance:com.dsAlgo.runner.Runner@15de0b3c]" name="runScenario" class="io.cucumber.testng.AbstractTestNGCucumberTests"/>
      </group> <!-- cucumber -->
    </groups>
    <test started-at="2023-09-29T10:10:09 CDT" name="Default test" finished-at="2023-09-29T10:13:00 CDT" duration-ms="171965">
      <class name="com.dsAlgo.runner.Runner">
        <test-method is-config="true" signature="setUpClass(org.testng.ITestContext)[pri:0, instance:com.dsAlgo.runner.Runner@15de0b3c]" started-at="2023-09-29T10:10:09 CDT" name="setUpClass" finished-at="2023-09-29T10:10:15 CDT" duration-ms="6489" status="PASS">
          <params>
            <param index="0">
              <value>
                <![CDATA[org.testng.TestRunner@4e9c29eb]]>
              </value>
            </param>
          </params>
          <reporter-output>
          </reporter-output>
        </test-method> <!-- setUpClass -->
        <test-method signature="runScenario(io.cucumber.testng.PickleWrapper,io.cucumber.testng.FeatureWrapper)[pri:0, instance:com.dsAlgo.runner.Runner@15de0b3c]" started-at="2023-09-29T10:10:15 CDT" name="runScenario" description="Runs Cucumber Scenarios" data-provider="scenarios" finished-at="2023-09-29T10:10:18 CDT" duration-ms="3109" status="PASS">
          <params>
            <param index="0">
              <value>
                <![CDATA["User launch the dsAlgo application"]]>
              </value>
            </param>
            <param index="1">
              <value>
                <![CDATA["dsAlgo:001 launching the ds portal application"]]>
              </value>
            </param>
          </params>
          <reporter-output>
          </reporter-output>
        </test-method> <!-- runScenario -->
        <test-method signature="runScenario(io.cucumber.testng.PickleWrapper,io.cucumber.testng.FeatureWrapper)[pri:0, instance:com.dsAlgo.runner.Runner@15de0b3c]" started-at="2023-09-29T10:10:18 CDT" name="runScenario" description="Runs Cucumber Scenarios" data-provider="scenarios" finished-at="2023-09-29T10:10:19 CDT" duration-ms="1109" status="PASS">
          <params>
            <param index="0">
              <value>
                <![CDATA["User is on the Home page and click sign in"]]>
              </value>
            </param>
            <param index="1">
              <value>
                <![CDATA["dsAlgo:002 Home page feature and functionality test"]]>
              </value>
            </param>
          </params>
          <reporter-output>
          </reporter-output>
        </test-method> <!-- runScenario -->
        <test-method signature="runScenario(io.cucumber.testng.PickleWrapper,io.cucumber.testng.FeatureWrapper)[pri:0, instance:com.dsAlgo.runner.Runner@15de0b3c]" started-at="2023-09-29T10:10:19 CDT" name="runScenario" description="Runs Cucumber Scenarios" data-provider="scenarios" finished-at="2023-09-29T10:10:22 CDT" duration-ms="2921" status="PASS">
          <params>
            <param index="0">
              <value>
                <![CDATA["User is on Home page and click getstarted link without sign in"]]>
              </value>
            </param>
            <param index="1">
              <value>
                <![CDATA["dsAlgo:002 Home page feature and functionality test"]]>
              </value>
            </param>
          </params>
          <reporter-output>
          </reporter-output>
        </test-method> <!-- runScenario -->
        <test-method signature="runScenario(io.cucumber.testng.PickleWrapper,io.cucumber.testng.FeatureWrapper)[pri:0, instance:com.dsAlgo.runner.Runner@15de0b3c]" started-at="2023-09-29T10:10:22 CDT" name="runScenario" description="Runs Cucumber Scenarios" data-provider="scenarios" finished-at="2023-09-29T10:10:23 CDT" duration-ms="897" status="PASS">
          <params>
            <param index="0">
              <value>
                <![CDATA[""]]>
              </value>
            </param>
            <param index="1">
              <value>
                <![CDATA["dsAlgo:002 Home page feature and functionality test"]]>
              </value>
            </param>
          </params>
          <reporter-output>
          </reporter-output>
        </test-method> <!-- runScenario -->
        <test-method signature="runScenario(io.cucumber.testng.PickleWrapper,io.cucumber.testng.FeatureWrapper)[pri:0, instance:com.dsAlgo.runner.Runner@15de0b3c]" started-at="2023-09-29T10:10:23 CDT" name="runScenario" description="Runs Cucumber Scenarios" data-provider="scenarios" finished-at="2023-09-29T10:10:24 CDT" duration-ms="918" status="PASS">
          <params>
            <param index="0">
              <value>
                <![CDATA[""]]>
              </value>
            </param>
            <param index="1">
              <value>
                <![CDATA["dsAlgo:002 Home page feature and functionality test"]]>
              </value>
            </param>
          </params>
          <reporter-output>
          </reporter-output>
        </test-method> <!-- runScenario -->
        <test-method signature="runScenario(io.cucumber.testng.PickleWrapper,io.cucumber.testng.FeatureWrapper)[pri:0, instance:com.dsAlgo.runner.Runner@15de0b3c]" started-at="2023-09-29T10:10:24 CDT" name="runScenario" description="Runs Cucumber Scenarios" data-provider="scenarios" finished-at="2023-09-29T10:10:25 CDT" duration-ms="881" status="PASS">
          <params>
            <param index="0">
              <value>
                <![CDATA[""]]>
              </value>
            </param>
            <param index="1">
              <value>
                <![CDATA["dsAlgo:002 Home page feature and functionality test"]]>
              </value>
            </param>
          </params>
          <reporter-output>
          </reporter-output>
        </test-method> <!-- runScenario -->
        <test-method signature="runScenario(io.cucumber.testng.PickleWrapper,io.cucumber.testng.FeatureWrapper)[pri:0, instance:com.dsAlgo.runner.Runner@15de0b3c]" started-at="2023-09-29T10:10:25 CDT" name="runScenario" description="Runs Cucumber Scenarios" data-provider="scenarios" finished-at="2023-09-29T10:10:26 CDT" duration-ms="822" status="PASS">
          <params>
            <param index="0">
              <value>
                <![CDATA[""]]>
              </value>
            </param>
            <param index="1">
              <value>
                <![CDATA["dsAlgo:002 Home page feature and functionality test"]]>
              </value>
            </param>
          </params>
          <reporter-output>
          </reporter-output>
        </test-method> <!-- runScenario -->
        <test-method signature="runScenario(io.cucumber.testng.PickleWrapper,io.cucumber.testng.FeatureWrapper)[pri:0, instance:com.dsAlgo.runner.Runner@15de0b3c]" started-at="2023-09-29T10:10:26 CDT" name="runScenario" description="Runs Cucumber Scenarios" data-provider="scenarios" finished-at="2023-09-29T10:10:27 CDT" duration-ms="868" status="PASS">
          <params>
            <param index="0">
              <value>
                <![CDATA[""]]>
              </value>
            </param>
            <param index="1">
              <value>
                <![CDATA["dsAlgo:002 Home page feature and functionality test"]]>
              </value>
            </param>
          </params>
          <reporter-output>
          </reporter-output>
        </test-method> <!-- runScenario -->
        <test-method signature="runScenario(io.cucumber.testng.PickleWrapper,io.cucumber.testng.FeatureWrapper)[pri:0, instance:com.dsAlgo.runner.Runner@15de0b3c]" started-at="2023-09-29T10:10:27 CDT" name="runScenario" description="Runs Cucumber Scenarios" data-provider="scenarios" finished-at="2023-09-29T10:10:27 CDT" duration-ms="827" status="PASS">
          <params>
            <param index="0">
              <value>
                <![CDATA[""]]>
              </value>
            </param>
            <param index="1">
              <value>
                <![CDATA["dsAlgo:002 Home page feature and functionality test"]]>
              </value>
            </param>
          </params>
          <reporter-output>
          </reporter-output>
        </test-method> <!-- runScenario -->
        <test-method signature="runScenario(io.cucumber.testng.PickleWrapper,io.cucumber.testng.FeatureWrapper)[pri:0, instance:com.dsAlgo.runner.Runner@15de0b3c]" started-at="2023-09-29T10:10:27 CDT" name="runScenario" description="Runs Cucumber Scenarios" data-provider="scenarios" finished-at="2023-09-29T10:10:28 CDT" duration-ms="777" status="PASS">
          <params>
            <param index="0">
              <value>
                <![CDATA["User is on Home page and click on register"]]>
              </value>
            </param>
            <param index="1">
              <value>
                <![CDATA["dsAlgo:002 Home page feature and functionality test"]]>
              </value>
            </param>
          </params>
          <reporter-output>
          </reporter-output>
        </test-method> <!-- runScenario -->
        <test-method signature="runScenario(io.cucumber.testng.PickleWrapper,io.cucumber.testng.FeatureWrapper)[pri:0, instance:com.dsAlgo.runner.Runner@15de0b3c]" started-at="2023-09-29T10:10:28 CDT" name="runScenario" description="Runs Cucumber Scenarios" data-provider="scenarios" finished-at="2023-09-29T10:10:30 CDT" duration-ms="1287" status="PASS">
          <params>
            <param index="0">
              <value>
                <![CDATA["User enters only username and click register button"]]>
              </value>
            </param>
            <param index="1">
              <value>
                <![CDATA["dsAlgo:003 Register page feature and functionality test"]]>
              </value>
            </param>
          </params>
          <reporter-output>
          </reporter-output>
        </test-method> <!-- runScenario -->
        <test-method signature="runScenario(io.cucumber.testng.PickleWrapper,io.cucumber.testng.FeatureWrapper)[pri:0, instance:com.dsAlgo.runner.Runner@15de0b3c]" started-at="2023-09-29T10:10:30 CDT" name="runScenario" description="Runs Cucumber Scenarios" data-provider="scenarios" finished-at="2023-09-29T10:10:31 CDT" duration-ms="1228" status="PASS">
          <params>
            <param index="0">
              <value>
                <![CDATA["User enters only username and password and click register button"]]>
              </value>
            </param>
            <param index="1">
              <value>
                <![CDATA["dsAlgo:003 Register page feature and functionality test"]]>
              </value>
            </param>
          </params>
          <reporter-output>
          </reporter-output>
        </test-method> <!-- runScenario -->
        <test-method signature="runScenario(io.cucumber.testng.PickleWrapper,io.cucumber.testng.FeatureWrapper)[pri:0, instance:com.dsAlgo.runner.Runner@15de0b3c]" started-at="2023-09-29T10:10:31 CDT" name="runScenario" description="Runs Cucumber Scenarios" data-provider="scenarios" finished-at="2023-09-29T10:10:32 CDT" duration-ms="984" status="PASS">
          <params>
            <param index="0">
              <value>
                <![CDATA["User enters all details blank and click register button"]]>
              </value>
            </param>
            <param index="1">
              <value>
                <![CDATA["dsAlgo:003 Register page feature and functionality test"]]>
              </value>
            </param>
          </params>
          <reporter-output>
          </reporter-output>
        </test-method> <!-- runScenario -->
        <test-method signature="runScenario(io.cucumber.testng.PickleWrapper,io.cucumber.testng.FeatureWrapper)[pri:0, instance:com.dsAlgo.runner.Runner@15de0b3c]" started-at="2023-09-29T10:10:32 CDT" name="runScenario" description="Runs Cucumber Scenarios" data-provider="scenarios" finished-at="2023-09-29T10:10:33 CDT" duration-ms="1462" status="PASS">
          <params>
            <param index="0">
              <value>
                <![CDATA["User enters invalid details and click register button"]]>
              </value>
            </param>
            <param index="1">
              <value>
                <![CDATA["dsAlgo:003 Register page feature and functionality test"]]>
              </value>
            </param>
          </params>
          <reporter-output>
          </reporter-output>
        </test-method> <!-- runScenario -->
        <test-method signature="runScenario(io.cucumber.testng.PickleWrapper,io.cucumber.testng.FeatureWrapper)[pri:0, instance:com.dsAlgo.runner.Runner@15de0b3c]" started-at="2023-09-29T10:10:33 CDT" name="runScenario" description="Runs Cucumber Scenarios" data-provider="scenarios" finished-at="2023-09-29T10:10:34 CDT" duration-ms="1228" status="PASS">
          <params>
            <param index="0">
              <value>
                <![CDATA["User redirects to login page"]]>
              </value>
            </param>
            <param index="1">
              <value>
                <![CDATA["dsAlgo:003 Register page feature and functionality test"]]>
              </value>
            </param>
          </params>
          <reporter-output>
          </reporter-output>
        </test-method> <!-- runScenario -->
        <test-method signature="runScenario(io.cucumber.testng.PickleWrapper,io.cucumber.testng.FeatureWrapper)[pri:0, instance:com.dsAlgo.runner.Runner@15de0b3c]" started-at="2023-09-29T10:10:34 CDT" name="runScenario" description="Runs Cucumber Scenarios" data-provider="scenarios" finished-at="2023-09-29T10:10:39 CDT" duration-ms="4214" status="PASS">
          <params>
            <param index="0">
              <value>
                <![CDATA["User enters the valid details and click register button"]]>
              </value>
            </param>
            <param index="1">
              <value>
                <![CDATA["dsAlgo:003 Register page feature and functionality test"]]>
              </value>
            </param>
          </params>
          <reporter-output>
          </reporter-output>
        </test-method> <!-- runScenario -->
        <test-method signature="runScenario(io.cucumber.testng.PickleWrapper,io.cucumber.testng.FeatureWrapper)[pri:0, instance:com.dsAlgo.runner.Runner@15de0b3c]" started-at="2023-09-29T10:10:39 CDT" name="runScenario" description="Runs Cucumber Scenarios" data-provider="scenarios" finished-at="2023-09-29T10:10:41 CDT" duration-ms="2148" status="PASS">
          <params>
            <param index="0">
              <value>
                <![CDATA["User enter with valid credentials"]]>
              </value>
            </param>
            <param index="1">
              <value>
                <![CDATA["dsAlgo:004 Login page feature and functionality test"]]>
              </value>
            </param>
          </params>
          <reporter-output>
          </reporter-output>
        </test-method> <!-- runScenario -->
        <test-method signature="runScenario(io.cucumber.testng.PickleWrapper,io.cucumber.testng.FeatureWrapper)[pri:0, instance:com.dsAlgo.runner.Runner@15de0b3c]" started-at="2023-09-29T10:10:41 CDT" name="runScenario" description="Runs Cucumber Scenarios" data-provider="scenarios" finished-at="2023-09-29T10:10:42 CDT" duration-ms="1126" status="PASS">
          <params>
            <param index="0">
              <value>
                <![CDATA["User redirects to register page"]]>
              </value>
            </param>
            <param index="1">
              <value>
                <![CDATA["dsAlgo:004 Login page feature and functionality test"]]>
              </value>
            </param>
          </params>
          <reporter-output>
          </reporter-output>
        </test-method> <!-- runScenario -->
        <test-method signature="runScenario(io.cucumber.testng.PickleWrapper,io.cucumber.testng.FeatureWrapper)[pri:0, instance:com.dsAlgo.runner.Runner@15de0b3c]" started-at="2023-09-29T10:10:42 CDT" name="runScenario" description="Runs Cucumber Scenarios" data-provider="scenarios" finished-at="2023-09-29T10:10:44 CDT" duration-ms="2012" status="PASS">
          <params>
            <param index="0">
              <value>
                <![CDATA["User on login page and login with invalid inputs "username" and "password""]]>
              </value>
            </param>
            <param index="1">
              <value>
                <![CDATA["dsAlgo:004 Login page feature and functionality test"]]>
              </value>
            </param>
          </params>
          <reporter-output>
          </reporter-output>
        </test-method> <!-- runScenario -->
        <test-method signature="runScenario(io.cucumber.testng.PickleWrapper,io.cucumber.testng.FeatureWrapper)[pri:0, instance:com.dsAlgo.runner.Runner@15de0b3c]" started-at="2023-09-29T10:10:44 CDT" name="runScenario" description="Runs Cucumber Scenarios" data-provider="scenarios" finished-at="2023-09-29T10:10:47 CDT" duration-ms="2927" status="PASS">
          <params>
            <param index="0">
              <value>
                <![CDATA["User on login page and login with invalid and valid inputs from Excel "Sheet1" and 0"]]>
              </value>
            </param>
            <param index="1">
              <value>
                <![CDATA["dsAlgo:004 Login page feature and functionality test"]]>
              </value>
            </param>
          </params>
          <reporter-output>
          </reporter-output>
        </test-method> <!-- runScenario -->
        <test-method signature="runScenario(io.cucumber.testng.PickleWrapper,io.cucumber.testng.FeatureWrapper)[pri:0, instance:com.dsAlgo.runner.Runner@15de0b3c]" started-at="2023-09-29T10:10:47 CDT" name="runScenario" description="Runs Cucumber Scenarios" data-provider="scenarios" finished-at="2023-09-29T10:10:49 CDT" duration-ms="1718" status="PASS">
          <params>
            <param index="0">
              <value>
                <![CDATA["User on login page and login with invalid and valid inputs from Excel "Sheet1" and 1"]]>
              </value>
            </param>
            <param index="1">
              <value>
                <![CDATA["dsAlgo:004 Login page feature and functionality test"]]>
              </value>
            </param>
          </params>
          <reporter-output>
          </reporter-output>
        </test-method> <!-- runScenario -->
        <test-method signature="runScenario(io.cucumber.testng.PickleWrapper,io.cucumber.testng.FeatureWrapper)[pri:0, instance:com.dsAlgo.runner.Runner@15de0b3c]" started-at="2023-09-29T10:10:49 CDT" name="runScenario" description="Runs Cucumber Scenarios" data-provider="scenarios" finished-at="2023-09-29T10:10:50 CDT" duration-ms="1846" status="PASS">
          <params>
            <param index="0">
              <value>
                <![CDATA["User on login page and login with invalid and valid inputs from Excel "Sheet1" and 2"]]>
              </value>
            </param>
            <param index="1">
              <value>
                <![CDATA["dsAlgo:004 Login page feature and functionality test"]]>
              </value>
            </param>
          </params>
          <reporter-output>
          </reporter-output>
        </test-method> <!-- runScenario -->
        <test-method signature="runScenario(io.cucumber.testng.PickleWrapper,io.cucumber.testng.FeatureWrapper)[pri:0, instance:com.dsAlgo.runner.Runner@15de0b3c]" started-at="2023-09-29T10:10:50 CDT" name="runScenario" description="Runs Cucumber Scenarios" data-provider="scenarios" finished-at="2023-09-29T10:10:53 CDT" duration-ms="2411" status="PASS">
          <params>
            <param index="0">
              <value>
                <![CDATA["User on login page and login with invalid and valid inputs from Excel "Sheet1" and 3"]]>
              </value>
            </param>
            <param index="1">
              <value>
                <![CDATA["dsAlgo:004 Login page feature and functionality test"]]>
              </value>
            </param>
          </params>
          <reporter-output>
          </reporter-output>
        </test-method> <!-- runScenario -->
        <test-method signature="runScenario(io.cucumber.testng.PickleWrapper,io.cucumber.testng.FeatureWrapper)[pri:0, instance:com.dsAlgo.runner.Runner@15de0b3c]" started-at="2023-09-29T10:10:53 CDT" name="runScenario" description="Runs Cucumber Scenarios" data-provider="scenarios" finished-at="2023-09-29T10:10:54 CDT" duration-ms="1066" status="PASS">
          <params>
            <param index="0">
              <value>
                <![CDATA["User on login page and trying to sign out"]]>
              </value>
            </param>
            <param index="1">
              <value>
                <![CDATA["dsAlgo:004 Login page feature and functionality test"]]>
              </value>
            </param>
          </params>
          <reporter-output>
          </reporter-output>
        </test-method> <!-- runScenario -->
        <test-method signature="runScenario(io.cucumber.testng.PickleWrapper,io.cucumber.testng.FeatureWrapper)[pri:0, instance:com.dsAlgo.runner.Runner@15de0b3c]" started-at="2023-09-29T10:10:54 CDT" name="runScenario" description="Runs Cucumber Scenarios" data-provider="scenarios" finished-at="2023-09-29T10:10:56 CDT" duration-ms="1630" status="PASS">
          <params>
            <param index="0">
              <value>
                <![CDATA[""]]>
              </value>
            </param>
            <param index="1">
              <value>
                <![CDATA["dsAlgo:005 Linked List feature and functionality test"]]>
              </value>
            </param>
          </params>
          <reporter-output>
          </reporter-output>
        </test-method> <!-- runScenario -->
        <test-method signature="runScenario(io.cucumber.testng.PickleWrapper,io.cucumber.testng.FeatureWrapper)[pri:0, instance:com.dsAlgo.runner.Runner@15de0b3c]" started-at="2023-09-29T10:10:56 CDT" name="runScenario" description="Runs Cucumber Scenarios" data-provider="scenarios" finished-at="2023-09-29T10:11:01 CDT" duration-ms="5342" status="PASS">
          <params>
            <param index="0">
              <value>
                <![CDATA["User click get started on linked list page"]]>
              </value>
            </param>
            <param index="1">
              <value>
                <![CDATA["dsAlgo:005 Linked List feature and functionality test"]]>
              </value>
            </param>
          </params>
          <reporter-output>
          </reporter-output>
        </test-method> <!-- runScenario -->
        <test-method signature="runScenario(io.cucumber.testng.PickleWrapper,io.cucumber.testng.FeatureWrapper)[pri:0, instance:com.dsAlgo.runner.Runner@15de0b3c]" started-at="2023-09-29T10:11:01 CDT" name="runScenario" description="Runs Cucumber Scenarios" data-provider="scenarios" finished-at="2023-09-29T10:11:02 CDT" duration-ms="1524" status="PASS">
          <params>
            <param index="0">
              <value>
                <![CDATA["User validates Introduction link page"]]>
              </value>
            </param>
            <param index="1">
              <value>
                <![CDATA["dsAlgo:005 Linked List feature and functionality test"]]>
              </value>
            </param>
          </params>
          <reporter-output>
          </reporter-output>
        </test-method> <!-- runScenario -->
        <test-method signature="runScenario(io.cucumber.testng.PickleWrapper,io.cucumber.testng.FeatureWrapper)[pri:0, instance:com.dsAlgo.runner.Runner@15de0b3c]" started-at="2023-09-29T10:11:02 CDT" name="runScenario" description="Runs Cucumber Scenarios" data-provider="scenarios" finished-at="2023-09-29T10:11:04 CDT" duration-ms="1061" status="PASS">
          <params>
            <param index="0">
              <value>
                <![CDATA["User validates creating linked list link page"]]>
              </value>
            </param>
            <param index="1">
              <value>
                <![CDATA["dsAlgo:005 Linked List feature and functionality test"]]>
              </value>
            </param>
          </params>
          <reporter-output>
          </reporter-output>
        </test-method> <!-- runScenario -->
        <test-method signature="runScenario(io.cucumber.testng.PickleWrapper,io.cucumber.testng.FeatureWrapper)[pri:0, instance:com.dsAlgo.runner.Runner@15de0b3c]" started-at="2023-09-29T10:11:04 CDT" name="runScenario" description="Runs Cucumber Scenarios" data-provider="scenarios" finished-at="2023-09-29T10:11:05 CDT" duration-ms="1320" status="PASS">
          <params>
            <param index="0">
              <value>
                <![CDATA["User validates types of linked list link page"]]>
              </value>
            </param>
            <param index="1">
              <value>
                <![CDATA["dsAlgo:005 Linked List feature and functionality test"]]>
              </value>
            </param>
          </params>
          <reporter-output>
          </reporter-output>
        </test-method> <!-- runScenario -->
        <test-method signature="runScenario(io.cucumber.testng.PickleWrapper,io.cucumber.testng.FeatureWrapper)[pri:0, instance:com.dsAlgo.runner.Runner@15de0b3c]" started-at="2023-09-29T10:11:05 CDT" name="runScenario" description="Runs Cucumber Scenarios" data-provider="scenarios" finished-at="2023-09-29T10:11:06 CDT" duration-ms="1048" status="PASS">
          <params>
            <param index="0">
              <value>
                <![CDATA["User validates implement linked list link in python page"]]>
              </value>
            </param>
            <param index="1">
              <value>
                <![CDATA["dsAlgo:005 Linked List feature and functionality test"]]>
              </value>
            </param>
          </params>
          <reporter-output>
          </reporter-output>
        </test-method> <!-- runScenario -->
        <test-method signature="runScenario(io.cucumber.testng.PickleWrapper,io.cucumber.testng.FeatureWrapper)[pri:0, instance:com.dsAlgo.runner.Runner@15de0b3c]" started-at="2023-09-29T10:11:06 CDT" name="runScenario" description="Runs Cucumber Scenarios" data-provider="scenarios" finished-at="2023-09-29T10:11:07 CDT" duration-ms="1173" status="PASS">
          <params>
            <param index="0">
              <value>
                <![CDATA["User validates traversal link page"]]>
              </value>
            </param>
            <param index="1">
              <value>
                <![CDATA["dsAlgo:005 Linked List feature and functionality test"]]>
              </value>
            </param>
          </params>
          <reporter-output>
          </reporter-output>
        </test-method> <!-- runScenario -->
        <test-method signature="runScenario(io.cucumber.testng.PickleWrapper,io.cucumber.testng.FeatureWrapper)[pri:0, instance:com.dsAlgo.runner.Runner@15de0b3c]" started-at="2023-09-29T10:11:07 CDT" name="runScenario" description="Runs Cucumber Scenarios" data-provider="scenarios" finished-at="2023-09-29T10:11:08 CDT" duration-ms="1136" status="PASS">
          <params>
            <param index="0">
              <value>
                <![CDATA["User validates insertion link page"]]>
              </value>
            </param>
            <param index="1">
              <value>
                <![CDATA["dsAlgo:005 Linked List feature and functionality test"]]>
              </value>
            </param>
          </params>
          <reporter-output>
          </reporter-output>
        </test-method> <!-- runScenario -->
        <test-method signature="runScenario(io.cucumber.testng.PickleWrapper,io.cucumber.testng.FeatureWrapper)[pri:0, instance:com.dsAlgo.runner.Runner@15de0b3c]" started-at="2023-09-29T10:11:08 CDT" name="runScenario" description="Runs Cucumber Scenarios" data-provider="scenarios" finished-at="2023-09-29T10:11:10 CDT" duration-ms="1311" status="PASS">
          <params>
            <param index="0">
              <value>
                <![CDATA["User validates deletion link page"]]>
              </value>
            </param>
            <param index="1">
              <value>
                <![CDATA["dsAlgo:005 Linked List feature and functionality test"]]>
              </value>
            </param>
          </params>
          <reporter-output>
          </reporter-output>
        </test-method> <!-- runScenario -->
        <test-method signature="runScenario(io.cucumber.testng.PickleWrapper,io.cucumber.testng.FeatureWrapper)[pri:0, instance:com.dsAlgo.runner.Runner@15de0b3c]" started-at="2023-09-29T10:11:10 CDT" name="runScenario" description="Runs Cucumber Scenarios" data-provider="scenarios" finished-at="2023-09-29T10:11:10 CDT" duration-ms="330" status="PASS">
          <params>
            <param index="0">
              <value>
                <![CDATA["User validates Practice Questions page"]]>
              </value>
            </param>
            <param index="1">
              <value>
                <![CDATA["dsAlgo:005 Linked List feature and functionality test"]]>
              </value>
            </param>
          </params>
          <reporter-output>
          </reporter-output>
        </test-method> <!-- runScenario -->
        <test-method signature="runScenario(io.cucumber.testng.PickleWrapper,io.cucumber.testng.FeatureWrapper)[pri:0, instance:com.dsAlgo.runner.Runner@15de0b3c]" started-at="2023-09-29T10:11:10 CDT" name="runScenario" description="Runs Cucumber Scenarios" data-provider="scenarios" finished-at="2023-09-29T10:11:11 CDT" duration-ms="1144" status="PASS">
          <params>
            <param index="0">
              <value>
                <![CDATA["User validates error message for Introduction in try editor page for invalid code"]]>
              </value>
            </param>
            <param index="1">
              <value>
                <![CDATA["dsAlgo:005 Linked List feature and functionality test"]]>
              </value>
            </param>
          </params>
          <reporter-output>
          </reporter-output>
        </test-method> <!-- runScenario -->
        <test-method signature="runScenario(io.cucumber.testng.PickleWrapper,io.cucumber.testng.FeatureWrapper)[pri:0, instance:com.dsAlgo.runner.Runner@15de0b3c]" started-at="2023-09-29T10:11:11 CDT" name="runScenario" description="Runs Cucumber Scenarios" data-provider="scenarios" finished-at="2023-09-29T10:11:12 CDT" duration-ms="1342" status="PASS">
          <params>
            <param index="0">
              <value>
                <![CDATA["User validates error message for Creating Linked Lists in try editor page for invalid code"]]>
              </value>
            </param>
            <param index="1">
              <value>
                <![CDATA["dsAlgo:005 Linked List feature and functionality test"]]>
              </value>
            </param>
          </params>
          <reporter-output>
          </reporter-output>
        </test-method> <!-- runScenario -->
        <test-method signature="runScenario(io.cucumber.testng.PickleWrapper,io.cucumber.testng.FeatureWrapper)[pri:0, instance:com.dsAlgo.runner.Runner@15de0b3c]" started-at="2023-09-29T10:11:12 CDT" name="runScenario" description="Runs Cucumber Scenarios" data-provider="scenarios" finished-at="2023-09-29T10:11:14 CDT" duration-ms="1482" status="PASS">
          <params>
            <param index="0">
              <value>
                <![CDATA["User validates error message for types of linked list link in try editor page for invalid code"]]>
              </value>
            </param>
            <param index="1">
              <value>
                <![CDATA["dsAlgo:005 Linked List feature and functionality test"]]>
              </value>
            </param>
          </params>
          <reporter-output>
          </reporter-output>
        </test-method> <!-- runScenario -->
        <test-method signature="runScenario(io.cucumber.testng.PickleWrapper,io.cucumber.testng.FeatureWrapper)[pri:0, instance:com.dsAlgo.runner.Runner@15de0b3c]" started-at="2023-09-29T10:11:14 CDT" name="runScenario" description="Runs Cucumber Scenarios" data-provider="scenarios" finished-at="2023-09-29T10:11:15 CDT" duration-ms="1362" status="PASS">
          <params>
            <param index="0">
              <value>
                <![CDATA["User validates error message for implement linked list link in try editor page for invalid code"]]>
              </value>
            </param>
            <param index="1">
              <value>
                <![CDATA["dsAlgo:005 Linked List feature and functionality test"]]>
              </value>
            </param>
          </params>
          <reporter-output>
          </reporter-output>
        </test-method> <!-- runScenario -->
        <test-method signature="runScenario(io.cucumber.testng.PickleWrapper,io.cucumber.testng.FeatureWrapper)[pri:0, instance:com.dsAlgo.runner.Runner@15de0b3c]" started-at="2023-09-29T10:11:15 CDT" name="runScenario" description="Runs Cucumber Scenarios" data-provider="scenarios" finished-at="2023-09-29T10:11:16 CDT" duration-ms="1254" status="PASS">
          <params>
            <param index="0">
              <value>
                <![CDATA["User validates error message for traversal link page in try editor page for invalid code"]]>
              </value>
            </param>
            <param index="1">
              <value>
                <![CDATA["dsAlgo:005 Linked List feature and functionality test"]]>
              </value>
            </param>
          </params>
          <reporter-output>
          </reporter-output>
        </test-method> <!-- runScenario -->
        <test-method signature="runScenario(io.cucumber.testng.PickleWrapper,io.cucumber.testng.FeatureWrapper)[pri:0, instance:com.dsAlgo.runner.Runner@15de0b3c]" started-at="2023-09-29T10:11:16 CDT" name="runScenario" description="Runs Cucumber Scenarios" data-provider="scenarios" finished-at="2023-09-29T10:11:18 CDT" duration-ms="1289" status="PASS">
          <params>
            <param index="0">
              <value>
                <![CDATA["User validates error message for insertion link in try editor page for invalid code"]]>
              </value>
            </param>
            <param index="1">
              <value>
                <![CDATA["dsAlgo:005 Linked List feature and functionality test"]]>
              </value>
            </param>
          </params>
          <reporter-output>
          </reporter-output>
        </test-method> <!-- runScenario -->
        <test-method signature="runScenario(io.cucumber.testng.PickleWrapper,io.cucumber.testng.FeatureWrapper)[pri:0, instance:com.dsAlgo.runner.Runner@15de0b3c]" started-at="2023-09-29T10:11:18 CDT" name="runScenario" description="Runs Cucumber Scenarios" data-provider="scenarios" finished-at="2023-09-29T10:11:19 CDT" duration-ms="1431" status="PASS">
          <params>
            <param index="0">
              <value>
                <![CDATA["User validates error message for deletion link  in try editor page for invalid code"]]>
              </value>
            </param>
            <param index="1">
              <value>
                <![CDATA["dsAlgo:005 Linked List feature and functionality test"]]>
              </value>
            </param>
          </params>
          <reporter-output>
          </reporter-output>
        </test-method> <!-- runScenario -->
        <test-method signature="runScenario(io.cucumber.testng.PickleWrapper,io.cucumber.testng.FeatureWrapper)[pri:0, instance:com.dsAlgo.runner.Runner@15de0b3c]" started-at="2023-09-29T10:11:19 CDT" name="runScenario" description="Runs Cucumber Scenarios" data-provider="scenarios" finished-at="2023-09-29T10:11:20 CDT" duration-ms="496" status="PASS">
          <params>
            <param index="0">
              <value>
                <![CDATA["User on login page and trying to sign out"]]>
              </value>
            </param>
            <param index="1">
              <value>
                <![CDATA["dsAlgo:005 Linked List feature and functionality test"]]>
              </value>
            </param>
          </params>
          <reporter-output>
          </reporter-output>
        </test-method> <!-- runScenario -->
        <test-method signature="runScenario(io.cucumber.testng.PickleWrapper,io.cucumber.testng.FeatureWrapper)[pri:0, instance:com.dsAlgo.runner.Runner@15de0b3c]" started-at="2023-09-29T10:11:20 CDT" name="runScenario" description="Runs Cucumber Scenarios" data-provider="scenarios" finished-at="2023-09-29T10:11:21 CDT" duration-ms="1239" status="PASS">
          <params>
            <param index="0">
              <value>
                <![CDATA[""]]>
              </value>
            </param>
            <param index="1">
              <value>
                <![CDATA["dsAlgo:006 Graph feature and functionality test"]]>
              </value>
            </param>
          </params>
          <reporter-output>
          </reporter-output>
        </test-method> <!-- runScenario -->
        <test-method signature="runScenario(io.cucumber.testng.PickleWrapper,io.cucumber.testng.FeatureWrapper)[pri:0, instance:com.dsAlgo.runner.Runner@15de0b3c]" started-at="2023-09-29T10:11:21 CDT" name="runScenario" description="Runs Cucumber Scenarios" data-provider="scenarios" finished-at="2023-09-29T10:11:23 CDT" duration-ms="1734" status="PASS">
          <params>
            <param index="0">
              <value>
                <![CDATA["User click get started on Graph page"]]>
              </value>
            </param>
            <param index="1">
              <value>
                <![CDATA["dsAlgo:006 Graph feature and functionality test"]]>
              </value>
            </param>
          </params>
          <reporter-output>
          </reporter-output>
        </test-method> <!-- runScenario -->
        <test-method signature="runScenario(io.cucumber.testng.PickleWrapper,io.cucumber.testng.FeatureWrapper)[pri:0, instance:com.dsAlgo.runner.Runner@15de0b3c]" started-at="2023-09-29T10:11:23 CDT" name="runScenario" description="Runs Cucumber Scenarios" data-provider="scenarios" finished-at="2023-09-29T10:11:24 CDT" duration-ms="980" status="PASS">
          <params>
            <param index="0">
              <value>
                <![CDATA["User validates Graph link page"]]>
              </value>
            </param>
            <param index="1">
              <value>
                <![CDATA["dsAlgo:006 Graph feature and functionality test"]]>
              </value>
            </param>
          </params>
          <reporter-output>
          </reporter-output>
        </test-method> <!-- runScenario -->
        <test-method signature="runScenario(io.cucumber.testng.PickleWrapper,io.cucumber.testng.FeatureWrapper)[pri:0, instance:com.dsAlgo.runner.Runner@15de0b3c]" started-at="2023-09-29T10:11:24 CDT" name="runScenario" description="Runs Cucumber Scenarios" data-provider="scenarios" finished-at="2023-09-29T10:11:25 CDT" duration-ms="1139" status="PASS">
          <params>
            <param index="0">
              <value>
                <![CDATA["User validates Graph Representations link page"]]>
              </value>
            </param>
            <param index="1">
              <value>
                <![CDATA["dsAlgo:006 Graph feature and functionality test"]]>
              </value>
            </param>
          </params>
          <reporter-output>
          </reporter-output>
        </test-method> <!-- runScenario -->
        <test-method signature="runScenario(io.cucumber.testng.PickleWrapper,io.cucumber.testng.FeatureWrapper)[pri:0, instance:com.dsAlgo.runner.Runner@15de0b3c]" started-at="2023-09-29T10:11:25 CDT" name="runScenario" description="Runs Cucumber Scenarios" data-provider="scenarios" finished-at="2023-09-29T10:11:26 CDT" duration-ms="1066" status="PASS">
          <params>
            <param index="0">
              <value>
                <![CDATA["User validates error message for Graph link page in try editor page for invalid code"]]>
              </value>
            </param>
            <param index="1">
              <value>
                <![CDATA["dsAlgo:006 Graph feature and functionality test"]]>
              </value>
            </param>
          </params>
          <reporter-output>
          </reporter-output>
        </test-method> <!-- runScenario -->
        <test-method signature="runScenario(io.cucumber.testng.PickleWrapper,io.cucumber.testng.FeatureWrapper)[pri:0, instance:com.dsAlgo.runner.Runner@15de0b3c]" started-at="2023-09-29T10:11:26 CDT" name="runScenario" description="Runs Cucumber Scenarios" data-provider="scenarios" finished-at="2023-09-29T10:11:27 CDT" duration-ms="1116" status="PASS">
          <params>
            <param index="0">
              <value>
                <![CDATA["User validates error message for Graph Represenation link page in try editor page for invalid code"]]>
              </value>
            </param>
            <param index="1">
              <value>
                <![CDATA["dsAlgo:006 Graph feature and functionality test"]]>
              </value>
            </param>
          </params>
          <reporter-output>
          </reporter-output>
        </test-method> <!-- runScenario -->
        <test-method signature="runScenario(io.cucumber.testng.PickleWrapper,io.cucumber.testng.FeatureWrapper)[pri:0, instance:com.dsAlgo.runner.Runner@15de0b3c]" started-at="2023-09-29T10:11:27 CDT" name="runScenario" description="Runs Cucumber Scenarios" data-provider="scenarios" finished-at="2023-09-29T10:11:27 CDT" duration-ms="412" status="PASS">
          <params>
            <param index="0">
              <value>
                <![CDATA["User on login page and trying to sign out"]]>
              </value>
            </param>
            <param index="1">
              <value>
                <![CDATA["dsAlgo:006 Graph feature and functionality test"]]>
              </value>
            </param>
          </params>
          <reporter-output>
          </reporter-output>
        </test-method> <!-- runScenario -->
        <test-method signature="runScenario(io.cucumber.testng.PickleWrapper,io.cucumber.testng.FeatureWrapper)[pri:0, instance:com.dsAlgo.runner.Runner@15de0b3c]" started-at="2023-09-29T10:11:27 CDT" name="runScenario" description="Runs Cucumber Scenarios" data-provider="scenarios" finished-at="2023-09-29T10:11:29 CDT" duration-ms="1661" status="PASS">
          <params>
            <param index="0">
              <value>
                <![CDATA[""]]>
              </value>
            </param>
            <param index="1">
              <value>
                <![CDATA["dsAlgo:007 Tree feature and functionality test"]]>
              </value>
            </param>
          </params>
          <reporter-output>
          </reporter-output>
        </test-method> <!-- runScenario -->
        <test-method signature="runScenario(io.cucumber.testng.PickleWrapper,io.cucumber.testng.FeatureWrapper)[pri:0, instance:com.dsAlgo.runner.Runner@15de0b3c]" started-at="2023-09-29T10:11:29 CDT" name="runScenario" description="Runs Cucumber Scenarios" data-provider="scenarios" finished-at="2023-09-29T10:11:30 CDT" duration-ms="1315" status="PASS">
          <params>
            <param index="0">
              <value>
                <![CDATA["user is on tree page and navigate to overview of trees and enter valid inputs on try editor page"]]>
              </value>
            </param>
            <param index="1">
              <value>
                <![CDATA["dsAlgo:007 Tree feature and functionality test"]]>
              </value>
            </param>
          </params>
          <reporter-output>
          </reporter-output>
        </test-method> <!-- runScenario -->
        <test-method signature="runScenario(io.cucumber.testng.PickleWrapper,io.cucumber.testng.FeatureWrapper)[pri:0, instance:com.dsAlgo.runner.Runner@15de0b3c]" started-at="2023-09-29T10:11:30 CDT" name="runScenario" description="Runs Cucumber Scenarios" data-provider="scenarios" finished-at="2023-09-29T10:11:32 CDT" duration-ms="1267" status="PASS">
          <params>
            <param index="0">
              <value>
                <![CDATA["user is on tree page and navigate to overview of trees and enter invalid inputs on try editor page"]]>
              </value>
            </param>
            <param index="1">
              <value>
                <![CDATA["dsAlgo:007 Tree feature and functionality test"]]>
              </value>
            </param>
          </params>
          <reporter-output>
          </reporter-output>
        </test-method> <!-- runScenario -->
        <test-method signature="runScenario(io.cucumber.testng.PickleWrapper,io.cucumber.testng.FeatureWrapper)[pri:0, instance:com.dsAlgo.runner.Runner@15de0b3c]" started-at="2023-09-29T10:11:32 CDT" name="runScenario" description="Runs Cucumber Scenarios" data-provider="scenarios" finished-at="2023-09-29T10:11:33 CDT" duration-ms="1240" status="PASS">
          <params>
            <param index="0">
              <value>
                <![CDATA[""]]>
              </value>
            </param>
            <param index="1">
              <value>
                <![CDATA["dsAlgo:007 Tree feature and functionality test"]]>
              </value>
            </param>
          </params>
          <reporter-output>
          </reporter-output>
        </test-method> <!-- runScenario -->
        <test-method signature="runScenario(io.cucumber.testng.PickleWrapper,io.cucumber.testng.FeatureWrapper)[pri:0, instance:com.dsAlgo.runner.Runner@15de0b3c]" started-at="2023-09-29T10:11:33 CDT" name="runScenario" description="Runs Cucumber Scenarios" data-provider="scenarios" finished-at="2023-09-29T10:11:34 CDT" duration-ms="1285" status="PASS">
          <params>
            <param index="0">
              <value>
                <![CDATA[""]]>
              </value>
            </param>
            <param index="1">
              <value>
                <![CDATA["dsAlgo:007 Tree feature and functionality test"]]>
              </value>
            </param>
          </params>
          <reporter-output>
          </reporter-output>
        </test-method> <!-- runScenario -->
        <test-method signature="runScenario(io.cucumber.testng.PickleWrapper,io.cucumber.testng.FeatureWrapper)[pri:0, instance:com.dsAlgo.runner.Runner@15de0b3c]" started-at="2023-09-29T10:11:34 CDT" name="runScenario" description="Runs Cucumber Scenarios" data-provider="scenarios" finished-at="2023-09-29T10:11:35 CDT" duration-ms="1304" status="PASS">
          <params>
            <param index="0">
              <value>
                <![CDATA[""]]>
              </value>
            </param>
            <param index="1">
              <value>
                <![CDATA["dsAlgo:007 Tree feature and functionality test"]]>
              </value>
            </param>
          </params>
          <reporter-output>
          </reporter-output>
        </test-method> <!-- runScenario -->
        <test-method signature="runScenario(io.cucumber.testng.PickleWrapper,io.cucumber.testng.FeatureWrapper)[pri:0, instance:com.dsAlgo.runner.Runner@15de0b3c]" started-at="2023-09-29T10:11:35 CDT" name="runScenario" description="Runs Cucumber Scenarios" data-provider="scenarios" finished-at="2023-09-29T10:11:37 CDT" duration-ms="1198" status="PASS">
          <params>
            <param index="0">
              <value>
                <![CDATA[""]]>
              </value>
            </param>
            <param index="1">
              <value>
                <![CDATA["dsAlgo:007 Tree feature and functionality test"]]>
              </value>
            </param>
          </params>
          <reporter-output>
          </reporter-output>
        </test-method> <!-- runScenario -->
        <test-method signature="runScenario(io.cucumber.testng.PickleWrapper,io.cucumber.testng.FeatureWrapper)[pri:0, instance:com.dsAlgo.runner.Runner@15de0b3c]" started-at="2023-09-29T10:11:37 CDT" name="runScenario" description="Runs Cucumber Scenarios" data-provider="scenarios" finished-at="2023-09-29T10:11:38 CDT" duration-ms="1310" status="PASS">
          <params>
            <param index="0">
              <value>
                <![CDATA[""]]>
              </value>
            </param>
            <param index="1">
              <value>
                <![CDATA["dsAlgo:007 Tree feature and functionality test"]]>
              </value>
            </param>
          </params>
          <reporter-output>
          </reporter-output>
        </test-method> <!-- runScenario -->
        <test-method signature="runScenario(io.cucumber.testng.PickleWrapper,io.cucumber.testng.FeatureWrapper)[pri:0, instance:com.dsAlgo.runner.Runner@15de0b3c]" started-at="2023-09-29T10:11:38 CDT" name="runScenario" description="Runs Cucumber Scenarios" data-provider="scenarios" finished-at="2023-09-29T10:11:39 CDT" duration-ms="1321" status="PASS">
          <params>
            <param index="0">
              <value>
                <![CDATA[""]]>
              </value>
            </param>
            <param index="1">
              <value>
                <![CDATA["dsAlgo:007 Tree feature and functionality test"]]>
              </value>
            </param>
          </params>
          <reporter-output>
          </reporter-output>
        </test-method> <!-- runScenario -->
        <test-method signature="runScenario(io.cucumber.testng.PickleWrapper,io.cucumber.testng.FeatureWrapper)[pri:0, instance:com.dsAlgo.runner.Runner@15de0b3c]" started-at="2023-09-29T10:11:39 CDT" name="runScenario" description="Runs Cucumber Scenarios" data-provider="scenarios" finished-at="2023-09-29T10:11:41 CDT" duration-ms="1411" status="PASS">
          <params>
            <param index="0">
              <value>
                <![CDATA[""]]>
              </value>
            </param>
            <param index="1">
              <value>
                <![CDATA["dsAlgo:007 Tree feature and functionality test"]]>
              </value>
            </param>
          </params>
          <reporter-output>
          </reporter-output>
        </test-method> <!-- runScenario -->
        <test-method signature="runScenario(io.cucumber.testng.PickleWrapper,io.cucumber.testng.FeatureWrapper)[pri:0, instance:com.dsAlgo.runner.Runner@15de0b3c]" started-at="2023-09-29T10:11:41 CDT" name="runScenario" description="Runs Cucumber Scenarios" data-provider="scenarios" finished-at="2023-09-29T10:11:42 CDT" duration-ms="1153" status="PASS">
          <params>
            <param index="0">
              <value>
                <![CDATA[""]]>
              </value>
            </param>
            <param index="1">
              <value>
                <![CDATA["dsAlgo:007 Tree feature and functionality test"]]>
              </value>
            </param>
          </params>
          <reporter-output>
          </reporter-output>
        </test-method> <!-- runScenario -->
        <test-method signature="runScenario(io.cucumber.testng.PickleWrapper,io.cucumber.testng.FeatureWrapper)[pri:0, instance:com.dsAlgo.runner.Runner@15de0b3c]" started-at="2023-09-29T10:11:42 CDT" name="runScenario" description="Runs Cucumber Scenarios" data-provider="scenarios" finished-at="2023-09-29T10:11:43 CDT" duration-ms="1399" status="PASS">
          <params>
            <param index="0">
              <value>
                <![CDATA[""]]>
              </value>
            </param>
            <param index="1">
              <value>
                <![CDATA["dsAlgo:007 Tree feature and functionality test"]]>
              </value>
            </param>
          </params>
          <reporter-output>
          </reporter-output>
        </test-method> <!-- runScenario -->
        <test-method signature="runScenario(io.cucumber.testng.PickleWrapper,io.cucumber.testng.FeatureWrapper)[pri:0, instance:com.dsAlgo.runner.Runner@15de0b3c]" started-at="2023-09-29T10:11:43 CDT" name="runScenario" description="Runs Cucumber Scenarios" data-provider="scenarios" finished-at="2023-09-29T10:11:44 CDT" duration-ms="1045" status="PASS">
          <params>
            <param index="0">
              <value>
                <![CDATA[""]]>
              </value>
            </param>
            <param index="1">
              <value>
                <![CDATA["dsAlgo:007 Tree feature and functionality test"]]>
              </value>
            </param>
          </params>
          <reporter-output>
          </reporter-output>
        </test-method> <!-- runScenario -->
        <test-method signature="runScenario(io.cucumber.testng.PickleWrapper,io.cucumber.testng.FeatureWrapper)[pri:0, instance:com.dsAlgo.runner.Runner@15de0b3c]" started-at="2023-09-29T10:11:44 CDT" name="runScenario" description="Runs Cucumber Scenarios" data-provider="scenarios" finished-at="2023-09-29T10:11:46 CDT" duration-ms="1328" status="PASS">
          <params>
            <param index="0">
              <value>
                <![CDATA[""]]>
              </value>
            </param>
            <param index="1">
              <value>
                <![CDATA["dsAlgo:007 Tree feature and functionality test"]]>
              </value>
            </param>
          </params>
          <reporter-output>
          </reporter-output>
        </test-method> <!-- runScenario -->
        <test-method signature="runScenario(io.cucumber.testng.PickleWrapper,io.cucumber.testng.FeatureWrapper)[pri:0, instance:com.dsAlgo.runner.Runner@15de0b3c]" started-at="2023-09-29T10:11:46 CDT" name="runScenario" description="Runs Cucumber Scenarios" data-provider="scenarios" finished-at="2023-09-29T10:11:47 CDT" duration-ms="1182" status="PASS">
          <params>
            <param index="0">
              <value>
                <![CDATA[""]]>
              </value>
            </param>
            <param index="1">
              <value>
                <![CDATA["dsAlgo:007 Tree feature and functionality test"]]>
              </value>
            </param>
          </params>
          <reporter-output>
          </reporter-output>
        </test-method> <!-- runScenario -->
        <test-method signature="runScenario(io.cucumber.testng.PickleWrapper,io.cucumber.testng.FeatureWrapper)[pri:0, instance:com.dsAlgo.runner.Runner@15de0b3c]" started-at="2023-09-29T10:11:47 CDT" name="runScenario" description="Runs Cucumber Scenarios" data-provider="scenarios" finished-at="2023-09-29T10:11:48 CDT" duration-ms="1384" status="PASS">
          <params>
            <param index="0">
              <value>
                <![CDATA[""]]>
              </value>
            </param>
            <param index="1">
              <value>
                <![CDATA["dsAlgo:007 Tree feature and functionality test"]]>
              </value>
            </param>
          </params>
          <reporter-output>
          </reporter-output>
        </test-method> <!-- runScenario -->
        <test-method signature="runScenario(io.cucumber.testng.PickleWrapper,io.cucumber.testng.FeatureWrapper)[pri:0, instance:com.dsAlgo.runner.Runner@15de0b3c]" started-at="2023-09-29T10:11:48 CDT" name="runScenario" description="Runs Cucumber Scenarios" data-provider="scenarios" finished-at="2023-09-29T10:11:49 CDT" duration-ms="1246" status="PASS">
          <params>
            <param index="0">
              <value>
                <![CDATA[""]]>
              </value>
            </param>
            <param index="1">
              <value>
                <![CDATA["dsAlgo:007 Tree feature and functionality test"]]>
              </value>
            </param>
          </params>
          <reporter-output>
          </reporter-output>
        </test-method> <!-- runScenario -->
        <test-method signature="runScenario(io.cucumber.testng.PickleWrapper,io.cucumber.testng.FeatureWrapper)[pri:0, instance:com.dsAlgo.runner.Runner@15de0b3c]" started-at="2023-09-29T10:11:49 CDT" name="runScenario" description="Runs Cucumber Scenarios" data-provider="scenarios" finished-at="2023-09-29T10:11:51 CDT" duration-ms="1336" status="PASS">
          <params>
            <param index="0">
              <value>
                <![CDATA[""]]>
              </value>
            </param>
            <param index="1">
              <value>
                <![CDATA["dsAlgo:007 Tree feature and functionality test"]]>
              </value>
            </param>
          </params>
          <reporter-output>
          </reporter-output>
        </test-method> <!-- runScenario -->
        <test-method signature="runScenario(io.cucumber.testng.PickleWrapper,io.cucumber.testng.FeatureWrapper)[pri:0, instance:com.dsAlgo.runner.Runner@15de0b3c]" started-at="2023-09-29T10:11:51 CDT" name="runScenario" description="Runs Cucumber Scenarios" data-provider="scenarios" finished-at="2023-09-29T10:11:52 CDT" duration-ms="1165" status="PASS">
          <params>
            <param index="0">
              <value>
                <![CDATA[""]]>
              </value>
            </param>
            <param index="1">
              <value>
                <![CDATA["dsAlgo:007 Tree feature and functionality test"]]>
              </value>
            </param>
          </params>
          <reporter-output>
          </reporter-output>
        </test-method> <!-- runScenario -->
        <test-method signature="runScenario(io.cucumber.testng.PickleWrapper,io.cucumber.testng.FeatureWrapper)[pri:0, instance:com.dsAlgo.runner.Runner@15de0b3c]" started-at="2023-09-29T10:11:52 CDT" name="runScenario" description="Runs Cucumber Scenarios" data-provider="scenarios" finished-at="2023-09-29T10:11:53 CDT" duration-ms="1250" status="PASS">
          <params>
            <param index="0">
              <value>
                <![CDATA[""]]>
              </value>
            </param>
            <param index="1">
              <value>
                <![CDATA["dsAlgo:007 Tree feature and functionality test"]]>
              </value>
            </param>
          </params>
          <reporter-output>
          </reporter-output>
        </test-method> <!-- runScenario -->
        <test-method signature="runScenario(io.cucumber.testng.PickleWrapper,io.cucumber.testng.FeatureWrapper)[pri:0, instance:com.dsAlgo.runner.Runner@15de0b3c]" started-at="2023-09-29T10:11:53 CDT" name="runScenario" description="Runs Cucumber Scenarios" data-provider="scenarios" finished-at="2023-09-29T10:11:54 CDT" duration-ms="1245" status="PASS">
          <params>
            <param index="0">
              <value>
                <![CDATA[""]]>
              </value>
            </param>
            <param index="1">
              <value>
                <![CDATA["dsAlgo:007 Tree feature and functionality test"]]>
              </value>
            </param>
          </params>
          <reporter-output>
          </reporter-output>
        </test-method> <!-- runScenario -->
        <test-method signature="runScenario(io.cucumber.testng.PickleWrapper,io.cucumber.testng.FeatureWrapper)[pri:0, instance:com.dsAlgo.runner.Runner@15de0b3c]" started-at="2023-09-29T10:11:54 CDT" name="runScenario" description="Runs Cucumber Scenarios" data-provider="scenarios" finished-at="2023-09-29T10:11:56 CDT" duration-ms="1226" status="PASS">
          <params>
            <param index="0">
              <value>
                <![CDATA[""]]>
              </value>
            </param>
            <param index="1">
              <value>
                <![CDATA["dsAlgo:007 Tree feature and functionality test"]]>
              </value>
            </param>
          </params>
          <reporter-output>
          </reporter-output>
        </test-method> <!-- runScenario -->
        <test-method signature="runScenario(io.cucumber.testng.PickleWrapper,io.cucumber.testng.FeatureWrapper)[pri:0, instance:com.dsAlgo.runner.Runner@15de0b3c]" started-at="2023-09-29T10:11:56 CDT" name="runScenario" description="Runs Cucumber Scenarios" data-provider="scenarios" finished-at="2023-09-29T10:11:57 CDT" duration-ms="1116" status="PASS">
          <params>
            <param index="0">
              <value>
                <![CDATA[""]]>
              </value>
            </param>
            <param index="1">
              <value>
                <![CDATA["dsAlgo:007 Tree feature and functionality test"]]>
              </value>
            </param>
          </params>
          <reporter-output>
          </reporter-output>
        </test-method> <!-- runScenario -->
        <test-method signature="runScenario(io.cucumber.testng.PickleWrapper,io.cucumber.testng.FeatureWrapper)[pri:0, instance:com.dsAlgo.runner.Runner@15de0b3c]" started-at="2023-09-29T10:11:57 CDT" name="runScenario" description="Runs Cucumber Scenarios" data-provider="scenarios" finished-at="2023-09-29T10:11:58 CDT" duration-ms="1493" status="PASS">
          <params>
            <param index="0">
              <value>
                <![CDATA[""]]>
              </value>
            </param>
            <param index="1">
              <value>
                <![CDATA["dsAlgo:007 Tree feature and functionality test"]]>
              </value>
            </param>
          </params>
          <reporter-output>
          </reporter-output>
        </test-method> <!-- runScenario -->
        <test-method signature="runScenario(io.cucumber.testng.PickleWrapper,io.cucumber.testng.FeatureWrapper)[pri:0, instance:com.dsAlgo.runner.Runner@15de0b3c]" started-at="2023-09-29T10:11:58 CDT" name="runScenario" description="Runs Cucumber Scenarios" data-provider="scenarios" finished-at="2023-09-29T10:11:59 CDT" duration-ms="1172" status="PASS">
          <params>
            <param index="0">
              <value>
                <![CDATA[""]]>
              </value>
            </param>
            <param index="1">
              <value>
                <![CDATA["dsAlgo:007 Tree feature and functionality test"]]>
              </value>
            </param>
          </params>
          <reporter-output>
          </reporter-output>
        </test-method> <!-- runScenario -->
        <test-method signature="runScenario(io.cucumber.testng.PickleWrapper,io.cucumber.testng.FeatureWrapper)[pri:0, instance:com.dsAlgo.runner.Runner@15de0b3c]" started-at="2023-09-29T10:11:59 CDT" name="runScenario" description="Runs Cucumber Scenarios" data-provider="scenarios" finished-at="2023-09-29T10:12:01 CDT" duration-ms="1229" status="PASS">
          <params>
            <param index="0">
              <value>
                <![CDATA["user is on tree page and navigate to Implementation Of BST and enter valid inputs on try editor page"]]>
              </value>
            </param>
            <param index="1">
              <value>
                <![CDATA["dsAlgo:007 Tree feature and functionality test"]]>
              </value>
            </param>
          </params>
          <reporter-output>
          </reporter-output>
        </test-method> <!-- runScenario -->
        <test-method signature="runScenario(io.cucumber.testng.PickleWrapper,io.cucumber.testng.FeatureWrapper)[pri:0, instance:com.dsAlgo.runner.Runner@15de0b3c]" started-at="2023-09-29T10:12:01 CDT" name="runScenario" description="Runs Cucumber Scenarios" data-provider="scenarios" finished-at="2023-09-29T10:12:02 CDT" duration-ms="1161" status="PASS">
          <params>
            <param index="0">
              <value>
                <![CDATA["user is on tree page and navigate to Implementation Of BST and enter invalid inputs on try editor page"]]>
              </value>
            </param>
            <param index="1">
              <value>
                <![CDATA["dsAlgo:007 Tree feature and functionality test"]]>
              </value>
            </param>
          </params>
          <reporter-output>
          </reporter-output>
        </test-method> <!-- runScenario -->
        <test-method signature="runScenario(io.cucumber.testng.PickleWrapper,io.cucumber.testng.FeatureWrapper)[pri:0, instance:com.dsAlgo.runner.Runner@15de0b3c]" started-at="2023-09-29T10:12:02 CDT" name="runScenario" description="Runs Cucumber Scenarios" data-provider="scenarios" finished-at="2023-09-29T10:12:03 CDT" duration-ms="1124" status="PASS">
          <params>
            <param index="0">
              <value>
                <![CDATA["user is on tree page and navigate Practice Questions page"]]>
              </value>
            </param>
            <param index="1">
              <value>
                <![CDATA["dsAlgo:007 Tree feature and functionality test"]]>
              </value>
            </param>
          </params>
          <reporter-output>
          </reporter-output>
        </test-method> <!-- runScenario -->
        <test-method signature="runScenario(io.cucumber.testng.PickleWrapper,io.cucumber.testng.FeatureWrapper)[pri:0, instance:com.dsAlgo.runner.Runner@15de0b3c]" started-at="2023-09-29T10:12:03 CDT" name="runScenario" description="Runs Cucumber Scenarios" data-provider="scenarios" finished-at="2023-09-29T10:12:04 CDT" duration-ms="1110" status="PASS">
          <params>
            <param index="0">
              <value>
                <![CDATA[""]]>
              </value>
            </param>
            <param index="1">
              <value>
                <![CDATA["dsAlgo:008 Data Structures feature and functionality test"]]>
              </value>
            </param>
          </params>
          <reporter-output>
          </reporter-output>
        </test-method> <!-- runScenario -->
        <test-method signature="runScenario(io.cucumber.testng.PickleWrapper,io.cucumber.testng.FeatureWrapper)[pri:0, instance:com.dsAlgo.runner.Runner@15de0b3c]" started-at="2023-09-29T10:12:04 CDT" name="runScenario" description="Runs Cucumber Scenarios" data-provider="scenarios" finished-at="2023-09-29T10:12:05 CDT" duration-ms="719" status="PASS">
          <params>
            <param index="0">
              <value>
                <![CDATA["The user is able to navigate to Data Structure page"]]>
              </value>
            </param>
            <param index="1">
              <value>
                <![CDATA["dsAlgo:008 Data Structures feature and functionality test"]]>
              </value>
            </param>
          </params>
          <reporter-output>
          </reporter-output>
        </test-method> <!-- runScenario -->
        <test-method signature="runScenario(io.cucumber.testng.PickleWrapper,io.cucumber.testng.FeatureWrapper)[pri:0, instance:com.dsAlgo.runner.Runner@15de0b3c]" started-at="2023-09-29T10:12:05 CDT" name="runScenario" description="Runs Cucumber Scenarios" data-provider="scenarios" finished-at="2023-09-29T10:12:06 CDT" duration-ms="770" status="PASS">
          <params>
            <param index="0">
              <value>
                <![CDATA["User validates Time Complexity link page"]]>
              </value>
            </param>
            <param index="1">
              <value>
                <![CDATA["dsAlgo:008 Data Structures feature and functionality test"]]>
              </value>
            </param>
          </params>
          <reporter-output>
          </reporter-output>
        </test-method> <!-- runScenario -->
        <test-method signature="runScenario(io.cucumber.testng.PickleWrapper,io.cucumber.testng.FeatureWrapper)[pri:0, instance:com.dsAlgo.runner.Runner@15de0b3c]" started-at="2023-09-29T10:12:06 CDT" name="runScenario" description="Runs Cucumber Scenarios" data-provider="scenarios" finished-at="2023-09-29T10:12:06 CDT" duration-ms="313" status="PASS">
          <params>
            <param index="0">
              <value>
                <![CDATA["User validates Practice Questions page"]]>
              </value>
            </param>
            <param index="1">
              <value>
                <![CDATA["dsAlgo:008 Data Structures feature and functionality test"]]>
              </value>
            </param>
          </params>
          <reporter-output>
          </reporter-output>
        </test-method> <!-- runScenario -->
        <test-method signature="runScenario(io.cucumber.testng.PickleWrapper,io.cucumber.testng.FeatureWrapper)[pri:0, instance:com.dsAlgo.runner.Runner@15de0b3c]" started-at="2023-09-29T10:12:06 CDT" name="runScenario" description="Runs Cucumber Scenarios" data-provider="scenarios" finished-at="2023-09-29T10:12:07 CDT" duration-ms="1018" status="PASS">
          <params>
            <param index="0">
              <value>
                <![CDATA["User validates error message for Time Complexity in try editor page for invalid code"]]>
              </value>
            </param>
            <param index="1">
              <value>
                <![CDATA["dsAlgo:008 Data Structures feature and functionality test"]]>
              </value>
            </param>
          </params>
          <reporter-output>
          </reporter-output>
        </test-method> <!-- runScenario -->
        <test-method signature="runScenario(io.cucumber.testng.PickleWrapper,io.cucumber.testng.FeatureWrapper)[pri:0, instance:com.dsAlgo.runner.Runner@15de0b3c]" started-at="2023-09-29T10:12:07 CDT" name="runScenario" description="Runs Cucumber Scenarios" data-provider="scenarios" finished-at="2023-09-29T10:12:07 CDT" duration-ms="445" status="PASS">
          <params>
            <param index="0">
              <value>
                <![CDATA["User on login page and trying to sign out"]]>
              </value>
            </param>
            <param index="1">
              <value>
                <![CDATA["dsAlgo:008 Data Structures feature and functionality test"]]>
              </value>
            </param>
          </params>
          <reporter-output>
          </reporter-output>
        </test-method> <!-- runScenario -->
        <test-method signature="runScenario(io.cucumber.testng.PickleWrapper,io.cucumber.testng.FeatureWrapper)[pri:0, instance:com.dsAlgo.runner.Runner@15de0b3c]" started-at="2023-09-29T10:12:07 CDT" name="runScenario" description="Runs Cucumber Scenarios" data-provider="scenarios" finished-at="2023-09-29T10:12:08 CDT" duration-ms="1049" status="PASS">
          <params>
            <param index="0">
              <value>
                <![CDATA[""]]>
              </value>
            </param>
            <param index="1">
              <value>
                <![CDATA["dsAlgo:009 Stack page feature and functionality test"]]>
              </value>
            </param>
          </params>
          <reporter-output>
          </reporter-output>
        </test-method> <!-- runScenario -->
        <test-method signature="runScenario(io.cucumber.testng.PickleWrapper,io.cucumber.testng.FeatureWrapper)[pri:0, instance:com.dsAlgo.runner.Runner@15de0b3c]" started-at="2023-09-29T10:12:08 CDT" name="runScenario" description="Runs Cucumber Scenarios" data-provider="scenarios" finished-at="2023-09-29T10:12:10 CDT" duration-ms="1196" status="PASS">
          <params>
            <param index="0">
              <value>
                <![CDATA["user is navigated to stack page"]]>
              </value>
            </param>
            <param index="1">
              <value>
                <![CDATA["dsAlgo:009 Stack page feature and functionality test"]]>
              </value>
            </param>
          </params>
          <reporter-output>
          </reporter-output>
        </test-method> <!-- runScenario -->
        <test-method signature="runScenario(io.cucumber.testng.PickleWrapper,io.cucumber.testng.FeatureWrapper)[pri:0, instance:com.dsAlgo.runner.Runner@15de0b3c]" started-at="2023-09-29T10:12:10 CDT" name="runScenario" description="Runs Cucumber Scenarios" data-provider="scenarios" finished-at="2023-09-29T10:12:10 CDT" duration-ms="761" status="PASS">
          <params>
            <param index="0">
              <value>
                <![CDATA["user should navigate back to the stack page"]]>
              </value>
            </param>
            <param index="1">
              <value>
                <![CDATA["dsAlgo:009 Stack page feature and functionality test"]]>
              </value>
            </param>
          </params>
          <reporter-output>
          </reporter-output>
        </test-method> <!-- runScenario -->
        <test-method signature="runScenario(io.cucumber.testng.PickleWrapper,io.cucumber.testng.FeatureWrapper)[pri:0, instance:com.dsAlgo.runner.Runner@15de0b3c]" started-at="2023-09-29T10:12:10 CDT" name="runScenario" description="Runs Cucumber Scenarios" data-provider="scenarios" finished-at="2023-09-29T10:12:11 CDT" duration-ms="831" status="PASS">
          <params>
            <param index="0">
              <value>
                <![CDATA["user should navigate to the application option in the stack page"]]>
              </value>
            </param>
            <param index="1">
              <value>
                <![CDATA["dsAlgo:009 Stack page feature and functionality test"]]>
              </value>
            </param>
          </params>
          <reporter-output>
          </reporter-output>
        </test-method> <!-- runScenario -->
        <test-method signature="runScenario(io.cucumber.testng.PickleWrapper,io.cucumber.testng.FeatureWrapper)[pri:0, instance:com.dsAlgo.runner.Runner@15de0b3c]" started-at="2023-09-29T10:12:11 CDT" name="runScenario" description="Runs Cucumber Scenarios" data-provider="scenarios" finished-at="2023-09-29T10:12:11 CDT" duration-ms="277" status="PASS">
          <params>
            <param index="0">
              <value>
                <![CDATA["user should navigate to the practice question page"]]>
              </value>
            </param>
            <param index="1">
              <value>
                <![CDATA["dsAlgo:009 Stack page feature and functionality test"]]>
              </value>
            </param>
          </params>
          <reporter-output>
          </reporter-output>
        </test-method> <!-- runScenario -->
        <test-method signature="runScenario(io.cucumber.testng.PickleWrapper,io.cucumber.testng.FeatureWrapper)[pri:0, instance:com.dsAlgo.runner.Runner@15de0b3c]" started-at="2023-09-29T10:12:11 CDT" name="runScenario" description="Runs Cucumber Scenarios" data-provider="scenarios" finished-at="2023-09-29T10:12:12 CDT" duration-ms="955" status="PASS">
          <params>
            <param index="0">
              <value>
                <![CDATA["User validates error message for Operations in stack in try editor page for invalid code"]]>
              </value>
            </param>
            <param index="1">
              <value>
                <![CDATA["dsAlgo:009 Stack page feature and functionality test"]]>
              </value>
            </param>
          </params>
          <reporter-output>
          </reporter-output>
        </test-method> <!-- runScenario -->
        <test-method signature="runScenario(io.cucumber.testng.PickleWrapper,io.cucumber.testng.FeatureWrapper)[pri:0, instance:com.dsAlgo.runner.Runner@15de0b3c]" started-at="2023-09-29T10:12:12 CDT" name="runScenario" description="Runs Cucumber Scenarios" data-provider="scenarios" finished-at="2023-09-29T10:12:13 CDT" duration-ms="996" status="PASS">
          <params>
            <param index="0">
              <value>
                <![CDATA["User validates error message for Implementation page in try editor page for invalid code"]]>
              </value>
            </param>
            <param index="1">
              <value>
                <![CDATA["dsAlgo:009 Stack page feature and functionality test"]]>
              </value>
            </param>
          </params>
          <reporter-output>
          </reporter-output>
        </test-method> <!-- runScenario -->
        <test-method signature="runScenario(io.cucumber.testng.PickleWrapper,io.cucumber.testng.FeatureWrapper)[pri:0, instance:com.dsAlgo.runner.Runner@15de0b3c]" started-at="2023-09-29T10:12:13 CDT" name="runScenario" description="Runs Cucumber Scenarios" data-provider="scenarios" finished-at="2023-09-29T10:12:15 CDT" duration-ms="1153" status="PASS">
          <params>
            <param index="0">
              <value>
                <![CDATA["User validates error message for Applications page in try editor page for invalid code"]]>
              </value>
            </param>
            <param index="1">
              <value>
                <![CDATA["dsAlgo:009 Stack page feature and functionality test"]]>
              </value>
            </param>
          </params>
          <reporter-output>
          </reporter-output>
        </test-method> <!-- runScenario -->
        <test-method signature="runScenario(io.cucumber.testng.PickleWrapper,io.cucumber.testng.FeatureWrapper)[pri:0, instance:com.dsAlgo.runner.Runner@15de0b3c]" started-at="2023-09-29T10:12:15 CDT" name="runScenario" description="Runs Cucumber Scenarios" data-provider="scenarios" finished-at="2023-09-29T10:12:15 CDT" duration-ms="449" status="PASS">
          <params>
            <param index="0">
              <value>
                <![CDATA["User on login page and trying to sign out"]]>
              </value>
            </param>
            <param index="1">
              <value>
                <![CDATA["dsAlgo:009 Stack page feature and functionality test"]]>
              </value>
            </param>
          </params>
          <reporter-output>
          </reporter-output>
        </test-method> <!-- runScenario -->
        <test-method signature="runScenario(io.cucumber.testng.PickleWrapper,io.cucumber.testng.FeatureWrapper)[pri:0, instance:com.dsAlgo.runner.Runner@15de0b3c]" started-at="2023-09-29T10:12:15 CDT" name="runScenario" description="Runs Cucumber Scenarios" data-provider="scenarios" finished-at="2023-09-29T10:12:16 CDT" duration-ms="1090" status="PASS">
          <params>
            <param index="0">
              <value>
                <![CDATA[""]]>
              </value>
            </param>
            <param index="1">
              <value>
                <![CDATA["dsAlgo:010 Queue page feature and functionality test"]]>
              </value>
            </param>
          </params>
          <reporter-output>
          </reporter-output>
        </test-method> <!-- runScenario -->
        <test-method signature="runScenario(io.cucumber.testng.PickleWrapper,io.cucumber.testng.FeatureWrapper)[pri:0, instance:com.dsAlgo.runner.Runner@15de0b3c]" started-at="2023-09-29T10:12:16 CDT" name="runScenario" description="Runs Cucumber Scenarios" data-provider="scenarios" finished-at="2023-09-29T10:12:17 CDT" duration-ms="1201" status="PASS">
          <params>
            <param index="0">
              <value>
                <![CDATA["user is navigated to queue page from home page"]]>
              </value>
            </param>
            <param index="1">
              <value>
[...]
          <params>
            <param index="0">
              <value>
                <![CDATA["User click get started on linked list page"]]>
              </value>
            </param>
            <param index="1">
              <value>
                <![CDATA["dsAlgo:011 Array feature and functionality test"]]>
              </value>
            </param>
          </params>
          <reporter-output>
          </reporter-output>
        </test-method> <!-- runScenario -->
        <test-method signature="runScenario(io.cucumber.testng.PickleWrapper,io.cucumber.testng.FeatureWrapper)[pri:0, instance:com.dsAlgo.runner.Runner@15de0b3c]" started-at="2023-09-29T10:12:27 CDT" name="runScenario" description="Runs Cucumber Scenarios" data-provider="scenarios" finished-at="2023-09-29T10:12:28 CDT" duration-ms="779" status="PASS">
          <params>
            <param index="0">
              <value>
                <![CDATA["User validates Arrays In Python page"]]>
              </value>
            </param>
            <param index="1">
              <value>
                <![CDATA["dsAlgo:011 Array feature and functionality test"]]>
              </value>
            </param>
          </params>
          <reporter-output>
          </reporter-output>
        </test-method> <!-- runScenario -->
        <test-method signature="runScenario(io.cucumber.testng.PickleWrapper,io.cucumber.testng.FeatureWrapper)[pri:0, instance:com.dsAlgo.runner.Runner@15de0b3c]" started-at="2023-09-29T10:12:28 CDT" name="runScenario" description="Runs Cucumber Scenarios" data-provider="scenarios" finished-at="2023-09-29T10:12:29 CDT" duration-ms="952" status="PASS">
          <params>
            <param index="0">
              <value>
                <![CDATA["User validates Arrays using list page"]]>
              </value>
            </param>
            <param index="1">
              <value>
                <![CDATA["dsAlgo:011 Array feature and functionality test"]]>
              </value>
            </param>
          </params>
          <reporter-output>
          </reporter-output>
        </test-method> <!-- runScenario -->
        <test-method signature="runScenario(io.cucumber.testng.PickleWrapper,io.cucumber.testng.FeatureWrapper)[pri:0, instance:com.dsAlgo.runner.Runner@15de0b3c]" started-at="2023-09-29T10:12:29 CDT" name="runScenario" description="Runs Cucumber Scenarios" data-provider="scenarios" finished-at="2023-09-29T10:12:30 CDT" duration-ms="812" status="PASS">
          <params>
            <param index="0">
              <value>
                <![CDATA["User validates Basic operations in Lists page"]]>
              </value>
            </param>
            <param index="1">
              <value>
                <![CDATA["dsAlgo:011 Array feature and functionality test"]]>
              </value>
            </param>
          </params>
          <reporter-output>
          </reporter-output>
        </test-method> <!-- runScenario -->
        <test-method signature="runScenario(io.cucumber.testng.PickleWrapper,io.cucumber.testng.FeatureWrapper)[pri:0, instance:com.dsAlgo.runner.Runner@15de0b3c]" started-at="2023-09-29T10:12:30 CDT" name="runScenario" description="Runs Cucumber Scenarios" data-provider="scenarios" finished-at="2023-09-29T10:12:31 CDT" duration-ms="903" status="PASS">
          <params>
            <param index="0">
              <value>
                <![CDATA["User validates Applications of array page"]]>
              </value>
            </param>
            <param index="1">
              <value>
                <![CDATA["dsAlgo:011 Array feature and functionality test"]]>
              </value>
            </param>
          </params>
          <reporter-output>
          </reporter-output>
        </test-method> <!-- runScenario -->
        <test-method signature="runScenario(io.cucumber.testng.PickleWrapper,io.cucumber.testng.FeatureWrapper)[pri:0, instance:com.dsAlgo.runner.Runner@15de0b3c]" started-at="2023-09-29T10:12:31 CDT" name="runScenario" description="Runs Cucumber Scenarios" data-provider="scenarios" finished-at="2023-09-29T10:12:32 CDT" duration-ms="937" status="PASS">
          <params>
            <param index="0">
              <value>
                <![CDATA["User validates error message for Arrays In Python in try editor page for invalid code"]]>
              </value>
            </param>
            <param index="1">
              <value>
                <![CDATA["dsAlgo:011 Array feature and functionality test"]]>
              </value>
            </param>
          </params>
          <reporter-output>
          </reporter-output>
        </test-method> <!-- runScenario -->
        <test-method signature="runScenario(io.cucumber.testng.PickleWrapper,io.cucumber.testng.FeatureWrapper)[pri:0, instance:com.dsAlgo.runner.Runner@15de0b3c]" started-at="2023-09-29T10:12:32 CDT" name="runScenario" description="Runs Cucumber Scenarios" data-provider="scenarios" finished-at="2023-09-29T10:12:33 CDT" duration-ms="962" status="PASS">
          <params>
            <param index="0">
              <value>
                <![CDATA["User validates error message for Arrays Using List in try editor page for invalid code"]]>
              </value>
            </param>
            <param index="1">
              <value>
                <![CDATA["dsAlgo:011 Array feature and functionality test"]]>
              </value>
            </param>
          </params>
          <reporter-output>
          </reporter-output>
        </test-method> <!-- runScenario -->
        <test-method signature="runScenario(io.cucumber.testng.PickleWrapper,io.cucumber.testng.FeatureWrapper)[pri:0, instance:com.dsAlgo.runner.Runner@15de0b3c]" started-at="2023-09-29T10:12:33 CDT" name="runScenario" description="Runs Cucumber Scenarios" data-provider="scenarios" finished-at="2023-09-29T10:12:34 CDT" duration-ms="856" status="PASS">
          <params>
            <param index="0">
              <value>
                <![CDATA["User validates error message for Basic Operations in List in try editor page for invalid code"]]>
              </value>
            </param>
            <param index="1">
              <value>
                <![CDATA["dsAlgo:011 Array feature and functionality test"]]>
              </value>
            </param>
          </params>
          <reporter-output>
          </reporter-output>
        </test-method> <!-- runScenario -->
        <test-method signature="runScenario(io.cucumber.testng.PickleWrapper,io.cucumber.testng.FeatureWrapper)[pri:0, instance:com.dsAlgo.runner.Runner@15de0b3c]" started-at="2023-09-29T10:12:34 CDT" name="runScenario" description="Runs Cucumber Scenarios" data-provider="scenarios" finished-at="2023-09-29T10:12:35 CDT" duration-ms="889" status="PASS">
          <params>
            <param index="0">
              <value>
                <![CDATA["User validates error message for Applications of array in try editor page for invalid code"]]>
              </value>
            </param>
            <param index="1">
              <value>
                <![CDATA["dsAlgo:011 Array feature and functionality test"]]>
              </value>
            </param>
          </params>
          <reporter-output>
          </reporter-output>
        </test-method> <!-- runScenario -->
        <test-method signature="runScenario(io.cucumber.testng.PickleWrapper,io.cucumber.testng.FeatureWrapper)[pri:0, instance:com.dsAlgo.runner.Runner@15de0b3c]" started-at="2023-09-29T10:12:35 CDT" name="runScenario" description="Runs Cucumber Scenarios" data-provider="scenarios" finished-at="2023-09-29T10:12:37 CDT" duration-ms="2159" status="PASS">
          <params>
            <param index="0">
              <value>
                <![CDATA["User validates Practice Questions 1 page"]]>
              </value>
            </param>
            <param index="1">
              <value>
                <![CDATA["dsAlgo:011 Array feature and functionality test"]]>
              </value>
            </param>
          </params>
          <reporter-output>
          </reporter-output>
        </test-method> <!-- runScenario -->
        <test-method signature="runScenario(io.cucumber.testng.PickleWrapper,io.cucumber.testng.FeatureWrapper)[pri:0, instance:com.dsAlgo.runner.Runner@15de0b3c]" started-at="2023-09-29T10:12:37 CDT" name="runScenario" description="Runs Cucumber Scenarios" data-provider="scenarios" finished-at="2023-09-29T10:12:39 CDT" duration-ms="2598" status="PASS">
          <params>
            <param index="0">
              <value>
                <![CDATA["User validates Practice Questions 2 page"]]>
              </value>
            </param>
            <param index="1">
              <value>
                <![CDATA["dsAlgo:011 Array feature and functionality test"]]>
              </value>
            </param>
          </params>
          <reporter-output>
          </reporter-output>
        </test-method> <!-- runScenario -->
        <test-method signature="runScenario(io.cucumber.testng.PickleWrapper,io.cucumber.testng.FeatureWrapper)[pri:0, instance:com.dsAlgo.runner.Runner@15de0b3c]" started-at="2023-09-29T10:12:39 CDT" name="runScenario" description="Runs Cucumber Scenarios" data-provider="scenarios" finished-at="2023-09-29T10:12:42 CDT" duration-ms="2546" status="PASS">
          <params>
            <param index="0">
              <value>
                <![CDATA["User validates Practice Questions 3 page"]]>
              </value>
            </param>
            <param index="1">
              <value>
                <![CDATA["dsAlgo:011 Array feature and functionality test"]]>
              </value>
            </param>
          </params>
          <reporter-output>
          </reporter-output>
        </test-method> <!-- runScenario -->
        <test-method signature="runScenario(io.cucumber.testng.PickleWrapper,io.cucumber.testng.FeatureWrapper)[pri:0, instance:com.dsAlgo.runner.Runner@15de0b3c]" started-at="2023-09-29T10:12:42 CDT" name="runScenario" description="Runs Cucumber Scenarios" data-provider="scenarios" finished-at="2023-09-29T10:12:44 CDT" duration-ms="2435" status="PASS">
          <params>
            <param index="0">
              <value>
                <![CDATA["User validates Practice Questions 4 page"]]>
              </value>
            </param>
            <param index="1">
              <value>
                <![CDATA["dsAlgo:011 Array feature and functionality test"]]>
              </value>
            </param>
          </params>
          <reporter-output>
          </reporter-output>
        </test-method> <!-- runScenario -->
        <test-method signature="runScenario(io.cucumber.testng.PickleWrapper,io.cucumber.testng.FeatureWrapper)[pri:0, instance:com.dsAlgo.runner.Runner@15de0b3c]" started-at="2023-09-29T10:12:44 CDT" name="runScenario" description="Runs Cucumber Scenarios" data-provider="scenarios" finished-at="2023-09-29T10:12:45 CDT" duration-ms="1175" status="PASS">
          <params>
            <param index="0">
              <value>
                <![CDATA["User validates error message in Practice Questions 1 page"]]>
              </value>
            </param>
            <param index="1">
              <value>
                <![CDATA["dsAlgo:011 Array feature and functionality test"]]>
              </value>
            </param>
          </params>
          <reporter-output>
          </reporter-output>
        </test-method> <!-- runScenario -->
        <test-method signature="runScenario(io.cucumber.testng.PickleWrapper,io.cucumber.testng.FeatureWrapper)[pri:0, instance:com.dsAlgo.runner.Runner@15de0b3c]" started-at="2023-09-29T10:12:45 CDT" name="runScenario" description="Runs Cucumber Scenarios" data-provider="scenarios" finished-at="2023-09-29T10:12:46 CDT" duration-ms="1053" status="PASS">
          <params>
            <param index="0">
              <value>
                <![CDATA["User validates error message in Practice Questions 2 page"]]>
              </value>
            </param>
            <param index="1">
              <value>
                <![CDATA["dsAlgo:011 Array feature and functionality test"]]>
              </value>
            </param>
          </params>
          <reporter-output>
          </reporter-output>
        </test-method> <!-- runScenario -->
        <test-method signature="runScenario(io.cucumber.testng.PickleWrapper,io.cucumber.testng.FeatureWrapper)[pri:0, instance:com.dsAlgo.runner.Runner@15de0b3c]" started-at="2023-09-29T10:12:46 CDT" name="runScenario" description="Runs Cucumber Scenarios" data-provider="scenarios" finished-at="2023-09-29T10:12:47 CDT" duration-ms="982" status="PASS">
          <params>
            <param index="0">
              <value>
                <![CDATA["User validates error message in Practice Questions 3 page"]]>
              </value>
            </param>
            <param index="1">
              <value>
                <![CDATA["dsAlgo:011 Array feature and functionality test"]]>
              </value>
            </param>
          </params>
          <reporter-output>
          </reporter-output>
        </test-method> <!-- runScenario -->
        <test-method signature="runScenario(io.cucumber.testng.PickleWrapper,io.cucumber.testng.FeatureWrapper)[pri:0, instance:com.dsAlgo.runner.Runner@15de0b3c]" started-at="2023-09-29T10:12:47 CDT" name="runScenario" description="Runs Cucumber Scenarios" data-provider="scenarios" finished-at="2023-09-29T10:12:49 CDT" duration-ms="1185" status="PASS">
          <params>
            <param index="0">
              <value>
                <![CDATA["User validates error message in Practice Questions 4 page"]]>
              </value>
            </param>
            <param index="1">
              <value>
                <![CDATA["dsAlgo:011 Array feature and functionality test"]]>
              </value>
            </param>
          </params>
          <reporter-output>
          </reporter-output>
        </test-method> <!-- runScenario -->
        <test-method signature="runScenario(io.cucumber.testng.PickleWrapper,io.cucumber.testng.FeatureWrapper)[pri:0, instance:com.dsAlgo.runner.Runner@15de0b3c]" started-at="2023-09-29T10:12:49 CDT" name="runScenario" description="Runs Cucumber Scenarios" data-provider="scenarios" finished-at="2023-09-29T10:12:51 CDT" duration-ms="2656" status="PASS">
          <params>
            <param index="0">
              <value>
                <![CDATA["User validates Practice Questions 1 page using submit"]]>
              </value>
            </param>
            <param index="1">
              <value>
                <![CDATA["dsAlgo:011 Array feature and functionality test"]]>
              </value>
            </param>
          </params>
          <reporter-output>
          </reporter-output>
        </test-method> <!-- runScenario -->
        <test-method signature="runScenario(io.cucumber.testng.PickleWrapper,io.cucumber.testng.FeatureWrapper)[pri:0, instance:com.dsAlgo.runner.Runner@15de0b3c]" started-at="2023-09-29T10:12:51 CDT" name="runScenario" description="Runs Cucumber Scenarios" data-provider="scenarios" finished-at="2023-09-29T10:12:54 CDT" duration-ms="3028" status="PASS">
          <params>
            <param index="0">
              <value>
                <![CDATA["User validates Practice Questions 2 page using submit"]]>
              </value>
            </param>
            <param index="1">
              <value>
                <![CDATA["dsAlgo:011 Array feature and functionality test"]]>
              </value>
            </param>
          </params>
          <reporter-output>
          </reporter-output>
        </test-method> <!-- runScenario -->
        <test-method signature="runScenario(io.cucumber.testng.PickleWrapper,io.cucumber.testng.FeatureWrapper)[pri:0, instance:com.dsAlgo.runner.Runner@15de0b3c]" started-at="2023-09-29T10:12:54 CDT" name="runScenario" description="Runs Cucumber Scenarios" data-provider="scenarios" finished-at="2023-09-29T10:12:57 CDT" duration-ms="2600" status="PASS">
          <params>
            <param index="0">
              <value>
                <![CDATA["User validates Practice Questions 3 page using submit"]]>
              </value>
            </param>
            <param index="1">
              <value>
                <![CDATA["dsAlgo:011 Array feature and functionality test"]]>
              </value>
            </param>
          </params>
          <reporter-output>
          </reporter-output>
        </test-method> <!-- runScenario -->
        <test-method signature="runScenario(io.cucumber.testng.PickleWrapper,io.cucumber.testng.FeatureWrapper)[pri:0, instance:com.dsAlgo.runner.Runner@15de0b3c]" started-at="2023-09-29T10:12:57 CDT" name="runScenario" description="Runs Cucumber Scenarios" data-provider="scenarios" finished-at="2023-09-29T10:13:00 CDT" duration-ms="2804" status="FAIL">
          <params>
            <param index="0">
              <value>
                <![CDATA["User validates Practice Questions 4 page using submit"]]>
              </value>
            </param>
            <param index="1">
              <value>
                <![CDATA["dsAlgo:011 Array feature and functionality test"]]>
              </value>
            </param>
          </params>
          <exception class="java.lang.AssertionError">
            <message>
              <![CDATA[Result do not match expected [Submission Successful] but found [ No tests were collected]]]>
            </message>
            <full-stacktrace>
              <![CDATA[java.lang.AssertionError: Result do not match expected [Submission Successful] but found [ No tests were collected]
at org.testng.Assert.fail(Assert.java:110)
at org.testng.Assert.failNotEquals(Assert.java:1413)
at org.testng.Assert.assertEqualsImpl(Assert.java:149)
at org.testng.Assert.assertEquals(Assert.java:131)
at org.testng.Assert.assertEquals(Assert.java:655)
at stepDefinition.ArrayPageSteps.user_validates_the_output_for_the_practice_question(ArrayPageSteps.java:99)
at ✽.user validates the output for the practice question(file:///C:/Users/akash/git/dsAlgoProject/dsAlgo/src/test/java/com/dsAlgo/features/11_ArrayPage.feature:236)
]]>
            </full-stacktrace>
          </exception> <!-- java.lang.AssertionError -->
          <reporter-output>
          </reporter-output>
        </test-method> <!-- runScenario -->
        <test-method signature="runScenario(io.cucumber.testng.PickleWrapper,io.cucumber.testng.FeatureWrapper)[pri:0, instance:com.dsAlgo.runner.Runner@15de0b3c]" started-at="2023-09-29T10:13:00 CDT" name="runScenario" description="Runs Cucumber Scenarios" data-provider="scenarios" finished-at="2023-09-29T10:13:00 CDT" duration-ms="359" status="PASS">
          <params>
            <param index="0">
              <value>
                <![CDATA["User on login page and trying to sign out"]]>
              </value>
            </param>
            <param index="1">
              <value>
                <![CDATA["dsAlgo:011 Array feature and functionality test"]]>
              </value>
            </param>
          </params>
          <reporter-output>
          </reporter-output>
        </test-method> <!-- runScenario -->
        <test-method is-config="true" signature="tearDownClass()[pri:0, instance:com.dsAlgo.runner.Runner@15de0b3c]" started-at="2023-09-29T10:13:00 CDT" name="tearDownClass" finished-at="2023-09-29T10:13:00 CDT" duration-ms="371" status="PASS">
          <reporter-output>
          </reporter-output>
        </test-method> <!-- tearDownClass -->
      </class> <!-- com.dsAlgo.runner.Runner -->
    </test> <!-- Default test -->
  </suite> <!-- Default suite -->
</testng-results>
